2014-06-27 17:22:09 INFO  log:67 - Logging to org.slf4j.impl.Log4jLoggerAdapter(org.mortbay.log) via org.mortbay.log.Slf4jLog
2014-06-27 17:22:09 INFO  log:67 - jetty-6.1.26
2014-06-27 17:22:09 INFO  log:67 - NO JSP Support for /sparkRest, did not find org.apache.jasper.servlet.JspServlet
2014-06-27 17:22:09 INFO  log:67 - Started SocketConnector@0.0.0.0:8080
2014-06-27 17:23:21 INFO  log:67 - Logging to org.slf4j.impl.Log4jLoggerAdapter(org.mortbay.log) via org.mortbay.log.Slf4jLog
2014-06-27 17:23:21 INFO  log:67 - jetty-6.1.26
2014-06-27 17:23:21 INFO  log:67 - NO JSP Support for /sparkRest, did not find org.apache.jasper.servlet.JspServlet
2014-06-27 17:23:21 INFO  log:67 - Started SocketConnector@0.0.0.0:8080
2014-06-27 17:24:11 INFO  log:67 - Logging to org.slf4j.impl.Log4jLoggerAdapter(org.mortbay.log) via org.mortbay.log.Slf4jLog
2014-06-27 17:24:11 INFO  log:67 - jetty-6.1.26
2014-06-27 17:24:11 INFO  log:67 - NO JSP Support for /sparkRest, did not find org.apache.jasper.servlet.JspServlet
2014-06-27 17:24:11 INFO  log:67 - Started SocketConnector@0.0.0.0:8080
2014-06-27 17:27:27 INFO  log:67 - Logging to org.slf4j.impl.Log4jLoggerAdapter(org.mortbay.log) via org.mortbay.log.Slf4jLog
2014-06-27 17:27:27 INFO  log:67 - jetty-6.1.26
2014-06-27 17:27:27 INFO  log:67 - NO JSP Support for /sparkRest, did not find org.apache.jasper.servlet.JspServlet
2014-06-27 17:27:27 INFO  log:67 - Started SocketConnector@0.0.0.0:8080
2014-06-28 10:12:06 INFO  log:188 - Logging initialized @175ms
2014-06-28 10:12:06 INFO  Server:300 - jetty-9.2.1.v20140609
2014-06-28 10:12:06 WARN  AbstractLifeCycle:210 - FAILED o.e.j.w.WebAppContext@4832eebb{/sparkRest,file:/home/trim/git/SpringREST/sparkRest/src/main/webapp/,null}: java.lang.NoSuchMethodError: org.eclipse.jetty.util.Loader.getResource(Ljava/lang/Class;Ljava/lang/String;Z)Ljava/net/URL;
java.lang.NoSuchMethodError: org.eclipse.jetty.util.Loader.getResource(Ljava/lang/Class;Ljava/lang/String;Z)Ljava/net/URL;
	at org.eclipse.jetty.webapp.WebDescriptor.newParser(WebDescriptor.java:72)
	at org.eclipse.jetty.webapp.WebDescriptor.ensureParser(WebDescriptor.java:61)
	at org.eclipse.jetty.webapp.Descriptor.parse(Descriptor.java:59)
	at org.eclipse.jetty.webapp.WebDescriptor.parse(WebDescriptor.java:148)
	at org.eclipse.jetty.webapp.MetaData.setDefaults(MetaData.java:149)
	at org.eclipse.jetty.webapp.WebXmlConfiguration.preConfigure(WebXmlConfiguration.java:54)
	at org.eclipse.jetty.webapp.WebAppContext.preConfigure(WebAppContext.java:453)
	at org.eclipse.jetty.webapp.WebAppContext.doStart(WebAppContext.java:489)
	at org.eclipse.jetty.util.component.AbstractLifeCycle.start(AbstractLifeCycle.java:68)
	at org.eclipse.jetty.util.component.ContainerLifeCycle.start(ContainerLifeCycle.java:132)
	at org.eclipse.jetty.server.Server.start(Server.java:357)
	at org.eclipse.jetty.util.component.ContainerLifeCycle.doStart(ContainerLifeCycle.java:114)
	at org.eclipse.jetty.server.handler.AbstractHandler.doStart(AbstractHandler.java:60)
	at org.eclipse.jetty.server.Server.doStart(Server.java:324)
	at org.eclipse.jetty.util.component.AbstractLifeCycle.start(AbstractLifeCycle.java:68)
	at EmbeddedServer.startIfRequired(EmbeddedServer.java:34)
	at UrlTests.init(UrlTests.java:34)
	at UrlTests.<init>(UrlTests.java:29)
	at sun.reflect.NativeConstructorAccessorImpl.newInstance0(Native Method)
	at sun.reflect.NativeConstructorAccessorImpl.newInstance(NativeConstructorAccessorImpl.java:57)
	at sun.reflect.DelegatingConstructorAccessorImpl.newInstance(DelegatingConstructorAccessorImpl.java:45)
	at java.lang.reflect.Constructor.newInstance(Constructor.java:526)
	at junit.framework.TestSuite.createTest(TestSuite.java:135)
	at junit.framework.TestSuite.addTestMethod(TestSuite.java:114)
	at junit.framework.TestSuite.<init>(TestSuite.java:75)
	at org.eclipse.jdt.internal.junit.runner.junit3.JUnit3TestLoader.getTest(JUnit3TestLoader.java:102)
	at org.eclipse.jdt.internal.junit.runner.junit3.JUnit3TestLoader.loadTests(JUnit3TestLoader.java:59)
	at org.eclipse.jdt.internal.junit.runner.RemoteTestRunner.runTests(RemoteTestRunner.java:452)
	at org.eclipse.jdt.internal.junit.runner.RemoteTestRunner.runTests(RemoteTestRunner.java:683)
	at org.eclipse.jdt.internal.junit.runner.RemoteTestRunner.run(RemoteTestRunner.java:390)
	at org.eclipse.jdt.internal.junit.runner.RemoteTestRunner.main(RemoteTestRunner.java:197)
2014-06-28 10:12:06 WARN  AbstractLifeCycle:210 - FAILED ServerConnector@611c3b04{HTTP/1.1}{0.0.0.0:8080}: java.net.BindException: Indirizzo già in uso
java.net.BindException: Indirizzo già in uso
	at sun.nio.ch.Net.bind0(Native Method)
	at sun.nio.ch.Net.bind(Net.java:444)
	at sun.nio.ch.Net.bind(Net.java:436)
	at sun.nio.ch.ServerSocketChannelImpl.bind(ServerSocketChannelImpl.java:214)
	at sun.nio.ch.ServerSocketAdaptor.bind(ServerSocketAdaptor.java:74)
	at org.eclipse.jetty.server.ServerConnector.open(ServerConnector.java:279)
	at org.eclipse.jetty.server.AbstractNetworkConnector.doStart(AbstractNetworkConnector.java:80)
	at org.eclipse.jetty.server.ServerConnector.doStart(ServerConnector.java:218)
	at org.eclipse.jetty.util.component.AbstractLifeCycle.start(AbstractLifeCycle.java:68)
	at org.eclipse.jetty.server.Server.doStart(Server.java:336)
	at org.eclipse.jetty.util.component.AbstractLifeCycle.start(AbstractLifeCycle.java:68)
	at EmbeddedServer.startIfRequired(EmbeddedServer.java:34)
	at UrlTests.init(UrlTests.java:34)
	at UrlTests.<init>(UrlTests.java:29)
	at sun.reflect.NativeConstructorAccessorImpl.newInstance0(Native Method)
	at sun.reflect.NativeConstructorAccessorImpl.newInstance(NativeConstructorAccessorImpl.java:57)
	at sun.reflect.DelegatingConstructorAccessorImpl.newInstance(DelegatingConstructorAccessorImpl.java:45)
	at java.lang.reflect.Constructor.newInstance(Constructor.java:526)
	at junit.framework.TestSuite.createTest(TestSuite.java:135)
	at junit.framework.TestSuite.addTestMethod(TestSuite.java:114)
	at junit.framework.TestSuite.<init>(TestSuite.java:75)
	at org.eclipse.jdt.internal.junit.runner.junit3.JUnit3TestLoader.getTest(JUnit3TestLoader.java:102)
	at org.eclipse.jdt.internal.junit.runner.junit3.JUnit3TestLoader.loadTests(JUnit3TestLoader.java:59)
	at org.eclipse.jdt.internal.junit.runner.RemoteTestRunner.runTests(RemoteTestRunner.java:452)
	at org.eclipse.jdt.internal.junit.runner.RemoteTestRunner.runTests(RemoteTestRunner.java:683)
	at org.eclipse.jdt.internal.junit.runner.RemoteTestRunner.run(RemoteTestRunner.java:390)
	at org.eclipse.jdt.internal.junit.runner.RemoteTestRunner.main(RemoteTestRunner.java:197)
2014-06-28 10:12:06 WARN  AbstractLifeCycle:210 - FAILED org.eclipse.jetty.server.Server@41d13c26: MultiException[java.lang.NoSuchMethodError: org.eclipse.jetty.util.Loader.getResource(Ljava/lang/Class;Ljava/lang/String;Z)Ljava/net/URL;, java.net.BindException: Indirizzo già in uso]
MultiException[java.lang.NoSuchMethodError: org.eclipse.jetty.util.Loader.getResource(Ljava/lang/Class;Ljava/lang/String;Z)Ljava/net/URL;, java.net.BindException: Indirizzo già in uso]
	at org.eclipse.jetty.server.Server.doStart(Server.java:302)
	at org.eclipse.jetty.util.component.AbstractLifeCycle.start(AbstractLifeCycle.java:68)
	at EmbeddedServer.startIfRequired(EmbeddedServer.java:34)
	at UrlTests.init(UrlTests.java:34)
	at UrlTests.<init>(UrlTests.java:29)
	at sun.reflect.NativeConstructorAccessorImpl.newInstance0(Native Method)
	at sun.reflect.NativeConstructorAccessorImpl.newInstance(NativeConstructorAccessorImpl.java:57)
	at sun.reflect.DelegatingConstructorAccessorImpl.newInstance(DelegatingConstructorAccessorImpl.java:45)
	at java.lang.reflect.Constructor.newInstance(Constructor.java:526)
	at junit.framework.TestSuite.createTest(TestSuite.java:135)
	at junit.framework.TestSuite.addTestMethod(TestSuite.java:114)
	at junit.framework.TestSuite.<init>(TestSuite.java:75)
	at org.eclipse.jdt.internal.junit.runner.junit3.JUnit3TestLoader.getTest(JUnit3TestLoader.java:102)
	at org.eclipse.jdt.internal.junit.runner.junit3.JUnit3TestLoader.loadTests(JUnit3TestLoader.java:59)
	at org.eclipse.jdt.internal.junit.runner.RemoteTestRunner.runTests(RemoteTestRunner.java:452)
	at org.eclipse.jdt.internal.junit.runner.RemoteTestRunner.runTests(RemoteTestRunner.java:683)
	at org.eclipse.jdt.internal.junit.runner.RemoteTestRunner.run(RemoteTestRunner.java:390)
	at org.eclipse.jdt.internal.junit.runner.RemoteTestRunner.main(RemoteTestRunner.java:197)
java.lang.NoSuchMethodError: org.eclipse.jetty.util.Loader.getResource(Ljava/lang/Class;Ljava/lang/String;Z)Ljava/net/URL;
	at org.eclipse.jetty.webapp.WebDescriptor.newParser(WebDescriptor.java:72)
	at org.eclipse.jetty.webapp.WebDescriptor.ensureParser(WebDescriptor.java:61)
	at org.eclipse.jetty.webapp.Descriptor.parse(Descriptor.java:59)
	at org.eclipse.jetty.webapp.WebDescriptor.parse(WebDescriptor.java:148)
	at org.eclipse.jetty.webapp.MetaData.setDefaults(MetaData.java:149)
	at org.eclipse.jetty.webapp.WebXmlConfiguration.preConfigure(WebXmlConfiguration.java:54)
	at org.eclipse.jetty.webapp.WebAppContext.preConfigure(WebAppContext.java:453)
	at org.eclipse.jetty.webapp.WebAppContext.doStart(WebAppContext.java:489)
	at org.eclipse.jetty.util.component.AbstractLifeCycle.start(AbstractLifeCycle.java:68)
	at org.eclipse.jetty.util.component.ContainerLifeCycle.start(ContainerLifeCycle.java:132)
	at org.eclipse.jetty.server.Server.start(Server.java:357)
	at org.eclipse.jetty.util.component.ContainerLifeCycle.doStart(ContainerLifeCycle.java:114)
	at org.eclipse.jetty.server.handler.AbstractHandler.doStart(AbstractHandler.java:60)
	at org.eclipse.jetty.server.Server.doStart(Server.java:324)
	at org.eclipse.jetty.util.component.AbstractLifeCycle.start(AbstractLifeCycle.java:68)
	at EmbeddedServer.startIfRequired(EmbeddedServer.java:34)
	at UrlTests.init(UrlTests.java:34)
	at UrlTests.<init>(UrlTests.java:29)
	at sun.reflect.NativeConstructorAccessorImpl.newInstance0(Native Method)
	at sun.reflect.NativeConstructorAccessorImpl.newInstance(NativeConstructorAccessorImpl.java:57)
	at sun.reflect.DelegatingConstructorAccessorImpl.newInstance(DelegatingConstructorAccessorImpl.java:45)
	at java.lang.reflect.Constructor.newInstance(Constructor.java:526)
	at junit.framework.TestSuite.createTest(TestSuite.java:135)
	at junit.framework.TestSuite.addTestMethod(TestSuite.java:114)
	at junit.framework.TestSuite.<init>(TestSuite.java:75)
	at org.eclipse.jdt.internal.junit.runner.junit3.JUnit3TestLoader.getTest(JUnit3TestLoader.java:102)
	at org.eclipse.jdt.internal.junit.runner.junit3.JUnit3TestLoader.loadTests(JUnit3TestLoader.java:59)
	at org.eclipse.jdt.internal.junit.runner.RemoteTestRunner.runTests(RemoteTestRunner.java:452)
	at org.eclipse.jdt.internal.junit.runner.RemoteTestRunner.runTests(RemoteTestRunner.java:683)
	at org.eclipse.jdt.internal.junit.runner.RemoteTestRunner.run(RemoteTestRunner.java:390)
	at org.eclipse.jdt.internal.junit.runner.RemoteTestRunner.main(RemoteTestRunner.java:197)
java.net.BindException: Indirizzo già in uso
	at sun.nio.ch.Net.bind0(Native Method)
	at sun.nio.ch.Net.bind(Net.java:444)
	at sun.nio.ch.Net.bind(Net.java:436)
	at sun.nio.ch.ServerSocketChannelImpl.bind(ServerSocketChannelImpl.java:214)
	at sun.nio.ch.ServerSocketAdaptor.bind(ServerSocketAdaptor.java:74)
	at org.eclipse.jetty.server.ServerConnector.open(ServerConnector.java:279)
	at org.eclipse.jetty.server.AbstractNetworkConnector.doStart(AbstractNetworkConnector.java:80)
	at org.eclipse.jetty.server.ServerConnector.doStart(ServerConnector.java:218)
	at org.eclipse.jetty.util.component.AbstractLifeCycle.start(AbstractLifeCycle.java:68)
	at org.eclipse.jetty.server.Server.doStart(Server.java:336)
	at org.eclipse.jetty.util.component.AbstractLifeCycle.start(AbstractLifeCycle.java:68)
	at EmbeddedServer.startIfRequired(EmbeddedServer.java:34)
	at UrlTests.init(UrlTests.java:34)
	at UrlTests.<init>(UrlTests.java:29)
	at sun.reflect.NativeConstructorAccessorImpl.newInstance0(Native Method)
	at sun.reflect.NativeConstructorAccessorImpl.newInstance(NativeConstructorAccessorImpl.java:57)
	at sun.reflect.DelegatingConstructorAccessorImpl.newInstance(DelegatingConstructorAccessorImpl.java:45)
	at java.lang.reflect.Constructor.newInstance(Constructor.java:526)
	at junit.framework.TestSuite.createTest(TestSuite.java:135)
	at junit.framework.TestSuite.addTestMethod(TestSuite.java:114)
	at junit.framework.TestSuite.<init>(TestSuite.java:75)
	at org.eclipse.jdt.internal.junit.runner.junit3.JUnit3TestLoader.getTest(JUnit3TestLoader.java:102)
	at org.eclipse.jdt.internal.junit.runner.junit3.JUnit3TestLoader.loadTests(JUnit3TestLoader.java:59)
	at org.eclipse.jdt.internal.junit.runner.RemoteTestRunner.runTests(RemoteTestRunner.java:452)
	at org.eclipse.jdt.internal.junit.runner.RemoteTestRunner.runTests(RemoteTestRunner.java:683)
	at org.eclipse.jdt.internal.junit.runner.RemoteTestRunner.run(RemoteTestRunner.java:390)
	at org.eclipse.jdt.internal.junit.runner.RemoteTestRunner.main(RemoteTestRunner.java:197)
2014-06-28 10:12:30 INFO  log:188 - Logging initialized @87ms
2014-06-28 10:12:30 INFO  Server:300 - jetty-9.2.1.v20140609
2014-06-28 10:12:30 WARN  AbstractLifeCycle:210 - FAILED o.e.j.w.WebAppContext@7d75c05{/sparkRest,file:/home/trim/git/SpringREST/sparkRest/src/main/webapp/,null}: java.lang.NoSuchMethodError: org.eclipse.jetty.util.Loader.getResource(Ljava/lang/Class;Ljava/lang/String;Z)Ljava/net/URL;
java.lang.NoSuchMethodError: org.eclipse.jetty.util.Loader.getResource(Ljava/lang/Class;Ljava/lang/String;Z)Ljava/net/URL;
	at org.eclipse.jetty.webapp.WebDescriptor.newParser(WebDescriptor.java:72)
	at org.eclipse.jetty.webapp.WebDescriptor.ensureParser(WebDescriptor.java:61)
	at org.eclipse.jetty.webapp.Descriptor.parse(Descriptor.java:59)
	at org.eclipse.jetty.webapp.WebDescriptor.parse(WebDescriptor.java:148)
	at org.eclipse.jetty.webapp.MetaData.setDefaults(MetaData.java:149)
	at org.eclipse.jetty.webapp.WebXmlConfiguration.preConfigure(WebXmlConfiguration.java:54)
	at org.eclipse.jetty.webapp.WebAppContext.preConfigure(WebAppContext.java:453)
	at org.eclipse.jetty.webapp.WebAppContext.doStart(WebAppContext.java:489)
	at org.eclipse.jetty.util.component.AbstractLifeCycle.start(AbstractLifeCycle.java:68)
	at org.eclipse.jetty.util.component.ContainerLifeCycle.start(ContainerLifeCycle.java:132)
	at org.eclipse.jetty.server.Server.start(Server.java:357)
	at org.eclipse.jetty.util.component.ContainerLifeCycle.doStart(ContainerLifeCycle.java:114)
	at org.eclipse.jetty.server.handler.AbstractHandler.doStart(AbstractHandler.java:60)
	at org.eclipse.jetty.server.Server.doStart(Server.java:324)
	at org.eclipse.jetty.util.component.AbstractLifeCycle.start(AbstractLifeCycle.java:68)
	at EmbeddedServer.startIfRequired(EmbeddedServer.java:34)
	at UrlTests.init(UrlTests.java:34)
	at UrlTests.<init>(UrlTests.java:29)
	at sun.reflect.NativeConstructorAccessorImpl.newInstance0(Native Method)
	at sun.reflect.NativeConstructorAccessorImpl.newInstance(NativeConstructorAccessorImpl.java:57)
	at sun.reflect.DelegatingConstructorAccessorImpl.newInstance(DelegatingConstructorAccessorImpl.java:45)
	at java.lang.reflect.Constructor.newInstance(Constructor.java:526)
	at junit.framework.TestSuite.createTest(TestSuite.java:135)
	at junit.framework.TestSuite.addTestMethod(TestSuite.java:114)
	at junit.framework.TestSuite.<init>(TestSuite.java:75)
	at org.eclipse.jdt.internal.junit.runner.junit3.JUnit3TestLoader.getTest(JUnit3TestLoader.java:102)
	at org.eclipse.jdt.internal.junit.runner.junit3.JUnit3TestLoader.loadTests(JUnit3TestLoader.java:59)
	at org.eclipse.jdt.internal.junit.runner.RemoteTestRunner.runTests(RemoteTestRunner.java:452)
	at org.eclipse.jdt.internal.junit.runner.RemoteTestRunner.runTests(RemoteTestRunner.java:683)
	at org.eclipse.jdt.internal.junit.runner.RemoteTestRunner.run(RemoteTestRunner.java:390)
	at org.eclipse.jdt.internal.junit.runner.RemoteTestRunner.main(RemoteTestRunner.java:197)
2014-06-28 10:12:30 WARN  AbstractLifeCycle:210 - FAILED ServerConnector@466b56b{HTTP/1.1}{0.0.0.0:8080}: java.net.BindException: Indirizzo già in uso
java.net.BindException: Indirizzo già in uso
	at sun.nio.ch.Net.bind0(Native Method)
	at sun.nio.ch.Net.bind(Net.java:444)
	at sun.nio.ch.Net.bind(Net.java:436)
	at sun.nio.ch.ServerSocketChannelImpl.bind(ServerSocketChannelImpl.java:214)
	at sun.nio.ch.ServerSocketAdaptor.bind(ServerSocketAdaptor.java:74)
	at org.eclipse.jetty.server.ServerConnector.open(ServerConnector.java:279)
	at org.eclipse.jetty.server.AbstractNetworkConnector.doStart(AbstractNetworkConnector.java:80)
	at org.eclipse.jetty.server.ServerConnector.doStart(ServerConnector.java:218)
	at org.eclipse.jetty.util.component.AbstractLifeCycle.start(AbstractLifeCycle.java:68)
	at org.eclipse.jetty.server.Server.doStart(Server.java:336)
	at org.eclipse.jetty.util.component.AbstractLifeCycle.start(AbstractLifeCycle.java:68)
	at EmbeddedServer.startIfRequired(EmbeddedServer.java:34)
	at UrlTests.init(UrlTests.java:34)
	at UrlTests.<init>(UrlTests.java:29)
	at sun.reflect.NativeConstructorAccessorImpl.newInstance0(Native Method)
	at sun.reflect.NativeConstructorAccessorImpl.newInstance(NativeConstructorAccessorImpl.java:57)
	at sun.reflect.DelegatingConstructorAccessorImpl.newInstance(DelegatingConstructorAccessorImpl.java:45)
	at java.lang.reflect.Constructor.newInstance(Constructor.java:526)
	at junit.framework.TestSuite.createTest(TestSuite.java:135)
	at junit.framework.TestSuite.addTestMethod(TestSuite.java:114)
	at junit.framework.TestSuite.<init>(TestSuite.java:75)
	at org.eclipse.jdt.internal.junit.runner.junit3.JUnit3TestLoader.getTest(JUnit3TestLoader.java:102)
	at org.eclipse.jdt.internal.junit.runner.junit3.JUnit3TestLoader.loadTests(JUnit3TestLoader.java:59)
	at org.eclipse.jdt.internal.junit.runner.RemoteTestRunner.runTests(RemoteTestRunner.java:452)
	at org.eclipse.jdt.internal.junit.runner.RemoteTestRunner.runTests(RemoteTestRunner.java:683)
	at org.eclipse.jdt.internal.junit.runner.RemoteTestRunner.run(RemoteTestRunner.java:390)
	at org.eclipse.jdt.internal.junit.runner.RemoteTestRunner.main(RemoteTestRunner.java:197)
2014-06-28 10:12:30 WARN  AbstractLifeCycle:210 - FAILED org.eclipse.jetty.server.Server@fc4048c: MultiException[java.lang.NoSuchMethodError: org.eclipse.jetty.util.Loader.getResource(Ljava/lang/Class;Ljava/lang/String;Z)Ljava/net/URL;, java.net.BindException: Indirizzo già in uso]
MultiException[java.lang.NoSuchMethodError: org.eclipse.jetty.util.Loader.getResource(Ljava/lang/Class;Ljava/lang/String;Z)Ljava/net/URL;, java.net.BindException: Indirizzo già in uso]
	at org.eclipse.jetty.server.Server.doStart(Server.java:302)
	at org.eclipse.jetty.util.component.AbstractLifeCycle.start(AbstractLifeCycle.java:68)
	at EmbeddedServer.startIfRequired(EmbeddedServer.java:34)
	at UrlTests.init(UrlTests.java:34)
	at UrlTests.<init>(UrlTests.java:29)
	at sun.reflect.NativeConstructorAccessorImpl.newInstance0(Native Method)
	at sun.reflect.NativeConstructorAccessorImpl.newInstance(NativeConstructorAccessorImpl.java:57)
	at sun.reflect.DelegatingConstructorAccessorImpl.newInstance(DelegatingConstructorAccessorImpl.java:45)
	at java.lang.reflect.Constructor.newInstance(Constructor.java:526)
	at junit.framework.TestSuite.createTest(TestSuite.java:135)
	at junit.framework.TestSuite.addTestMethod(TestSuite.java:114)
	at junit.framework.TestSuite.<init>(TestSuite.java:75)
	at org.eclipse.jdt.internal.junit.runner.junit3.JUnit3TestLoader.getTest(JUnit3TestLoader.java:102)
	at org.eclipse.jdt.internal.junit.runner.junit3.JUnit3TestLoader.loadTests(JUnit3TestLoader.java:59)
	at org.eclipse.jdt.internal.junit.runner.RemoteTestRunner.runTests(RemoteTestRunner.java:452)
	at org.eclipse.jdt.internal.junit.runner.RemoteTestRunner.runTests(RemoteTestRunner.java:683)
	at org.eclipse.jdt.internal.junit.runner.RemoteTestRunner.run(RemoteTestRunner.java:390)
	at org.eclipse.jdt.internal.junit.runner.RemoteTestRunner.main(RemoteTestRunner.java:197)
java.lang.NoSuchMethodError: org.eclipse.jetty.util.Loader.getResource(Ljava/lang/Class;Ljava/lang/String;Z)Ljava/net/URL;
	at org.eclipse.jetty.webapp.WebDescriptor.newParser(WebDescriptor.java:72)
	at org.eclipse.jetty.webapp.WebDescriptor.ensureParser(WebDescriptor.java:61)
	at org.eclipse.jetty.webapp.Descriptor.parse(Descriptor.java:59)
	at org.eclipse.jetty.webapp.WebDescriptor.parse(WebDescriptor.java:148)
	at org.eclipse.jetty.webapp.MetaData.setDefaults(MetaData.java:149)
	at org.eclipse.jetty.webapp.WebXmlConfiguration.preConfigure(WebXmlConfiguration.java:54)
	at org.eclipse.jetty.webapp.WebAppContext.preConfigure(WebAppContext.java:453)
	at org.eclipse.jetty.webapp.WebAppContext.doStart(WebAppContext.java:489)
	at org.eclipse.jetty.util.component.AbstractLifeCycle.start(AbstractLifeCycle.java:68)
	at org.eclipse.jetty.util.component.ContainerLifeCycle.start(ContainerLifeCycle.java:132)
	at org.eclipse.jetty.server.Server.start(Server.java:357)
	at org.eclipse.jetty.util.component.ContainerLifeCycle.doStart(ContainerLifeCycle.java:114)
	at org.eclipse.jetty.server.handler.AbstractHandler.doStart(AbstractHandler.java:60)
	at org.eclipse.jetty.server.Server.doStart(Server.java:324)
	at org.eclipse.jetty.util.component.AbstractLifeCycle.start(AbstractLifeCycle.java:68)
	at EmbeddedServer.startIfRequired(EmbeddedServer.java:34)
	at UrlTests.init(UrlTests.java:34)
	at UrlTests.<init>(UrlTests.java:29)
	at sun.reflect.NativeConstructorAccessorImpl.newInstance0(Native Method)
	at sun.reflect.NativeConstructorAccessorImpl.newInstance(NativeConstructorAccessorImpl.java:57)
	at sun.reflect.DelegatingConstructorAccessorImpl.newInstance(DelegatingConstructorAccessorImpl.java:45)
	at java.lang.reflect.Constructor.newInstance(Constructor.java:526)
	at junit.framework.TestSuite.createTest(TestSuite.java:135)
	at junit.framework.TestSuite.addTestMethod(TestSuite.java:114)
	at junit.framework.TestSuite.<init>(TestSuite.java:75)
	at org.eclipse.jdt.internal.junit.runner.junit3.JUnit3TestLoader.getTest(JUnit3TestLoader.java:102)
	at org.eclipse.jdt.internal.junit.runner.junit3.JUnit3TestLoader.loadTests(JUnit3TestLoader.java:59)
	at org.eclipse.jdt.internal.junit.runner.RemoteTestRunner.runTests(RemoteTestRunner.java:452)
	at org.eclipse.jdt.internal.junit.runner.RemoteTestRunner.runTests(RemoteTestRunner.java:683)
	at org.eclipse.jdt.internal.junit.runner.RemoteTestRunner.run(RemoteTestRunner.java:390)
	at org.eclipse.jdt.internal.junit.runner.RemoteTestRunner.main(RemoteTestRunner.java:197)
java.net.BindException: Indirizzo già in uso
	at sun.nio.ch.Net.bind0(Native Method)
	at sun.nio.ch.Net.bind(Net.java:444)
	at sun.nio.ch.Net.bind(Net.java:436)
	at sun.nio.ch.ServerSocketChannelImpl.bind(ServerSocketChannelImpl.java:214)
	at sun.nio.ch.ServerSocketAdaptor.bind(ServerSocketAdaptor.java:74)
	at org.eclipse.jetty.server.ServerConnector.open(ServerConnector.java:279)
	at org.eclipse.jetty.server.AbstractNetworkConnector.doStart(AbstractNetworkConnector.java:80)
	at org.eclipse.jetty.server.ServerConnector.doStart(ServerConnector.java:218)
	at org.eclipse.jetty.util.component.AbstractLifeCycle.start(AbstractLifeCycle.java:68)
	at org.eclipse.jetty.server.Server.doStart(Server.java:336)
	at org.eclipse.jetty.util.component.AbstractLifeCycle.start(AbstractLifeCycle.java:68)
	at EmbeddedServer.startIfRequired(EmbeddedServer.java:34)
	at UrlTests.init(UrlTests.java:34)
	at UrlTests.<init>(UrlTests.java:29)
	at sun.reflect.NativeConstructorAccessorImpl.newInstance0(Native Method)
	at sun.reflect.NativeConstructorAccessorImpl.newInstance(NativeConstructorAccessorImpl.java:57)
	at sun.reflect.DelegatingConstructorAccessorImpl.newInstance(DelegatingConstructorAccessorImpl.java:45)
	at java.lang.reflect.Constructor.newInstance(Constructor.java:526)
	at junit.framework.TestSuite.createTest(TestSuite.java:135)
	at junit.framework.TestSuite.addTestMethod(TestSuite.java:114)
	at junit.framework.TestSuite.<init>(TestSuite.java:75)
	at org.eclipse.jdt.internal.junit.runner.junit3.JUnit3TestLoader.getTest(JUnit3TestLoader.java:102)
	at org.eclipse.jdt.internal.junit.runner.junit3.JUnit3TestLoader.loadTests(JUnit3TestLoader.java:59)
	at org.eclipse.jdt.internal.junit.runner.RemoteTestRunner.runTests(RemoteTestRunner.java:452)
	at org.eclipse.jdt.internal.junit.runner.RemoteTestRunner.runTests(RemoteTestRunner.java:683)
	at org.eclipse.jdt.internal.junit.runner.RemoteTestRunner.run(RemoteTestRunner.java:390)
	at org.eclipse.jdt.internal.junit.runner.RemoteTestRunner.main(RemoteTestRunner.java:197)
2014-06-28 10:12:52 INFO  log:188 - Logging initialized @69ms
2014-06-28 10:12:52 INFO  Server:300 - jetty-9.2.1.v20140609
2014-06-28 10:12:52 WARN  AbstractLifeCycle:210 - FAILED o.e.j.w.WebAppContext@77e64656{/sparkRest,file:/home/trim/git/SpringREST/sparkRest/src/main/webapp/,null}: java.lang.NoSuchMethodError: org.eclipse.jetty.util.Loader.getResource(Ljava/lang/Class;Ljava/lang/String;Z)Ljava/net/URL;
java.lang.NoSuchMethodError: org.eclipse.jetty.util.Loader.getResource(Ljava/lang/Class;Ljava/lang/String;Z)Ljava/net/URL;
	at org.eclipse.jetty.webapp.WebDescriptor.newParser(WebDescriptor.java:72)
	at org.eclipse.jetty.webapp.WebDescriptor.ensureParser(WebDescriptor.java:61)
	at org.eclipse.jetty.webapp.Descriptor.parse(Descriptor.java:59)
	at org.eclipse.jetty.webapp.WebDescriptor.parse(WebDescriptor.java:148)
	at org.eclipse.jetty.webapp.MetaData.setDefaults(MetaData.java:149)
	at org.eclipse.jetty.webapp.WebXmlConfiguration.preConfigure(WebXmlConfiguration.java:54)
	at org.eclipse.jetty.webapp.WebAppContext.preConfigure(WebAppContext.java:453)
	at org.eclipse.jetty.webapp.WebAppContext.doStart(WebAppContext.java:489)
	at org.eclipse.jetty.util.component.AbstractLifeCycle.start(AbstractLifeCycle.java:68)
	at org.eclipse.jetty.util.component.ContainerLifeCycle.start(ContainerLifeCycle.java:132)
	at org.eclipse.jetty.server.Server.start(Server.java:357)
	at org.eclipse.jetty.util.component.ContainerLifeCycle.doStart(ContainerLifeCycle.java:114)
	at org.eclipse.jetty.server.handler.AbstractHandler.doStart(AbstractHandler.java:60)
	at org.eclipse.jetty.server.Server.doStart(Server.java:324)
	at org.eclipse.jetty.util.component.AbstractLifeCycle.start(AbstractLifeCycle.java:68)
	at EmbeddedServer.startIfRequired(EmbeddedServer.java:34)
	at UrlTests.init(UrlTests.java:34)
	at UrlTests.<init>(UrlTests.java:29)
	at sun.reflect.NativeConstructorAccessorImpl.newInstance0(Native Method)
	at sun.reflect.NativeConstructorAccessorImpl.newInstance(NativeConstructorAccessorImpl.java:57)
	at sun.reflect.DelegatingConstructorAccessorImpl.newInstance(DelegatingConstructorAccessorImpl.java:45)
	at java.lang.reflect.Constructor.newInstance(Constructor.java:526)
	at org.eclipse.jdt.internal.junit.runner.junit3.JUnit3TestLoader.createTest(JUnit3TestLoader.java:74)
	at org.eclipse.jdt.internal.junit.runner.junit3.JUnit3TestLoader.getTest(JUnit3TestLoader.java:95)
	at org.eclipse.jdt.internal.junit.runner.junit3.JUnit3TestLoader.loadTests(JUnit3TestLoader.java:59)
	at org.eclipse.jdt.internal.junit.runner.RemoteTestRunner.runTests(RemoteTestRunner.java:452)
	at org.eclipse.jdt.internal.junit.runner.RemoteTestRunner.runTests(RemoteTestRunner.java:683)
	at org.eclipse.jdt.internal.junit.runner.RemoteTestRunner.run(RemoteTestRunner.java:390)
	at org.eclipse.jdt.internal.junit.runner.RemoteTestRunner.main(RemoteTestRunner.java:197)
2014-06-28 10:12:52 INFO  ServerConnector:266 - Started ServerConnector@5767e86a{HTTP/1.1}{0.0.0.0:8080}
2014-06-28 10:12:52 WARN  AbstractLifeCycle:210 - FAILED org.eclipse.jetty.server.Server@7cc2f262: java.lang.NoSuchMethodError: org.eclipse.jetty.util.Loader.getResource(Ljava/lang/Class;Ljava/lang/String;Z)Ljava/net/URL;
java.lang.NoSuchMethodError: org.eclipse.jetty.util.Loader.getResource(Ljava/lang/Class;Ljava/lang/String;Z)Ljava/net/URL;
	at org.eclipse.jetty.webapp.WebDescriptor.newParser(WebDescriptor.java:72)
	at org.eclipse.jetty.webapp.WebDescriptor.ensureParser(WebDescriptor.java:61)
	at org.eclipse.jetty.webapp.Descriptor.parse(Descriptor.java:59)
	at org.eclipse.jetty.webapp.WebDescriptor.parse(WebDescriptor.java:148)
	at org.eclipse.jetty.webapp.MetaData.setDefaults(MetaData.java:149)
	at org.eclipse.jetty.webapp.WebXmlConfiguration.preConfigure(WebXmlConfiguration.java:54)
	at org.eclipse.jetty.webapp.WebAppContext.preConfigure(WebAppContext.java:453)
	at org.eclipse.jetty.webapp.WebAppContext.doStart(WebAppContext.java:489)
	at org.eclipse.jetty.util.component.AbstractLifeCycle.start(AbstractLifeCycle.java:68)
	at org.eclipse.jetty.util.component.ContainerLifeCycle.start(ContainerLifeCycle.java:132)
	at org.eclipse.jetty.server.Server.start(Server.java:357)
	at org.eclipse.jetty.util.component.ContainerLifeCycle.doStart(ContainerLifeCycle.java:114)
	at org.eclipse.jetty.server.handler.AbstractHandler.doStart(AbstractHandler.java:60)
	at org.eclipse.jetty.server.Server.doStart(Server.java:324)
	at org.eclipse.jetty.util.component.AbstractLifeCycle.start(AbstractLifeCycle.java:68)
	at EmbeddedServer.startIfRequired(EmbeddedServer.java:34)
	at UrlTests.init(UrlTests.java:34)
	at UrlTests.<init>(UrlTests.java:29)
	at sun.reflect.NativeConstructorAccessorImpl.newInstance0(Native Method)
	at sun.reflect.NativeConstructorAccessorImpl.newInstance(NativeConstructorAccessorImpl.java:57)
	at sun.reflect.DelegatingConstructorAccessorImpl.newInstance(DelegatingConstructorAccessorImpl.java:45)
	at java.lang.reflect.Constructor.newInstance(Constructor.java:526)
	at org.eclipse.jdt.internal.junit.runner.junit3.JUnit3TestLoader.createTest(JUnit3TestLoader.java:74)
	at org.eclipse.jdt.internal.junit.runner.junit3.JUnit3TestLoader.getTest(JUnit3TestLoader.java:95)
	at org.eclipse.jdt.internal.junit.runner.junit3.JUnit3TestLoader.loadTests(JUnit3TestLoader.java:59)
	at org.eclipse.jdt.internal.junit.runner.RemoteTestRunner.runTests(RemoteTestRunner.java:452)
	at org.eclipse.jdt.internal.junit.runner.RemoteTestRunner.runTests(RemoteTestRunner.java:683)
	at org.eclipse.jdt.internal.junit.runner.RemoteTestRunner.run(RemoteTestRunner.java:390)
	at org.eclipse.jdt.internal.junit.runner.RemoteTestRunner.main(RemoteTestRunner.java:197)
2014-06-28 10:13:34 INFO  log:188 - Logging initialized @215ms
2014-06-28 10:13:34 INFO  Server:300 - jetty-9.2.1.v20140609
2014-06-28 10:13:34 WARN  AbstractLifeCycle:210 - FAILED o.e.j.w.WebAppContext@7877712c{/sparkRest,file:/home/trim/git/SpringREST/sparkRest/src/main/webapp/,null}: java.lang.NoSuchMethodError: org.eclipse.jetty.util.Loader.getResource(Ljava/lang/Class;Ljava/lang/String;Z)Ljava/net/URL;
java.lang.NoSuchMethodError: org.eclipse.jetty.util.Loader.getResource(Ljava/lang/Class;Ljava/lang/String;Z)Ljava/net/URL;
	at org.eclipse.jetty.webapp.WebDescriptor.newParser(WebDescriptor.java:72)
	at org.eclipse.jetty.webapp.WebDescriptor.ensureParser(WebDescriptor.java:61)
	at org.eclipse.jetty.webapp.Descriptor.parse(Descriptor.java:59)
	at org.eclipse.jetty.webapp.WebDescriptor.parse(WebDescriptor.java:148)
	at org.eclipse.jetty.webapp.MetaData.setDefaults(MetaData.java:149)
	at org.eclipse.jetty.webapp.WebXmlConfiguration.preConfigure(WebXmlConfiguration.java:54)
	at org.eclipse.jetty.webapp.WebAppContext.preConfigure(WebAppContext.java:453)
	at org.eclipse.jetty.webapp.WebAppContext.doStart(WebAppContext.java:489)
	at org.eclipse.jetty.util.component.AbstractLifeCycle.start(AbstractLifeCycle.java:68)
	at org.eclipse.jetty.util.component.ContainerLifeCycle.start(ContainerLifeCycle.java:132)
	at org.eclipse.jetty.server.Server.start(Server.java:357)
	at org.eclipse.jetty.util.component.ContainerLifeCycle.doStart(ContainerLifeCycle.java:114)
	at org.eclipse.jetty.server.handler.AbstractHandler.doStart(AbstractHandler.java:60)
	at org.eclipse.jetty.server.Server.doStart(Server.java:324)
	at org.eclipse.jetty.util.component.AbstractLifeCycle.start(AbstractLifeCycle.java:68)
	at EmbeddedServer.startIfRequired(EmbeddedServer.java:34)
	at UrlTests.init(UrlTests.java:34)
	at UrlTests.<init>(UrlTests.java:29)
	at sun.reflect.NativeConstructorAccessorImpl.newInstance0(Native Method)
	at sun.reflect.NativeConstructorAccessorImpl.newInstance(NativeConstructorAccessorImpl.java:57)
	at sun.reflect.DelegatingConstructorAccessorImpl.newInstance(DelegatingConstructorAccessorImpl.java:45)
	at java.lang.reflect.Constructor.newInstance(Constructor.java:526)
	at junit.framework.TestSuite.createTest(TestSuite.java:135)
	at junit.framework.TestSuite.addTestMethod(TestSuite.java:114)
	at junit.framework.TestSuite.<init>(TestSuite.java:75)
	at org.eclipse.jdt.internal.junit.runner.junit3.JUnit3TestLoader.getTest(JUnit3TestLoader.java:102)
	at org.eclipse.jdt.internal.junit.runner.junit3.JUnit3TestLoader.loadTests(JUnit3TestLoader.java:59)
	at org.eclipse.jdt.internal.junit.runner.RemoteTestRunner.runTests(RemoteTestRunner.java:452)
	at org.eclipse.jdt.internal.junit.runner.RemoteTestRunner.runTests(RemoteTestRunner.java:683)
	at org.eclipse.jdt.internal.junit.runner.RemoteTestRunner.run(RemoteTestRunner.java:390)
	at org.eclipse.jdt.internal.junit.runner.RemoteTestRunner.main(RemoteTestRunner.java:197)
2014-06-28 10:13:34 INFO  ServerConnector:266 - Started ServerConnector@3d3ee5c4{HTTP/1.1}{0.0.0.0:8080}
2014-06-28 10:13:34 WARN  AbstractLifeCycle:210 - FAILED org.eclipse.jetty.server.Server@1019b028: java.lang.NoSuchMethodError: org.eclipse.jetty.util.Loader.getResource(Ljava/lang/Class;Ljava/lang/String;Z)Ljava/net/URL;
java.lang.NoSuchMethodError: org.eclipse.jetty.util.Loader.getResource(Ljava/lang/Class;Ljava/lang/String;Z)Ljava/net/URL;
	at org.eclipse.jetty.webapp.WebDescriptor.newParser(WebDescriptor.java:72)
	at org.eclipse.jetty.webapp.WebDescriptor.ensureParser(WebDescriptor.java:61)
	at org.eclipse.jetty.webapp.Descriptor.parse(Descriptor.java:59)
	at org.eclipse.jetty.webapp.WebDescriptor.parse(WebDescriptor.java:148)
	at org.eclipse.jetty.webapp.MetaData.setDefaults(MetaData.java:149)
	at org.eclipse.jetty.webapp.WebXmlConfiguration.preConfigure(WebXmlConfiguration.java:54)
	at org.eclipse.jetty.webapp.WebAppContext.preConfigure(WebAppContext.java:453)
	at org.eclipse.jetty.webapp.WebAppContext.doStart(WebAppContext.java:489)
	at org.eclipse.jetty.util.component.AbstractLifeCycle.start(AbstractLifeCycle.java:68)
	at org.eclipse.jetty.util.component.ContainerLifeCycle.start(ContainerLifeCycle.java:132)
	at org.eclipse.jetty.server.Server.start(Server.java:357)
	at org.eclipse.jetty.util.component.ContainerLifeCycle.doStart(ContainerLifeCycle.java:114)
	at org.eclipse.jetty.server.handler.AbstractHandler.doStart(AbstractHandler.java:60)
	at org.eclipse.jetty.server.Server.doStart(Server.java:324)
	at org.eclipse.jetty.util.component.AbstractLifeCycle.start(AbstractLifeCycle.java:68)
	at EmbeddedServer.startIfRequired(EmbeddedServer.java:34)
	at UrlTests.init(UrlTests.java:34)
	at UrlTests.<init>(UrlTests.java:29)
	at sun.reflect.NativeConstructorAccessorImpl.newInstance0(Native Method)
	at sun.reflect.NativeConstructorAccessorImpl.newInstance(NativeConstructorAccessorImpl.java:57)
	at sun.reflect.DelegatingConstructorAccessorImpl.newInstance(DelegatingConstructorAccessorImpl.java:45)
	at java.lang.reflect.Constructor.newInstance(Constructor.java:526)
	at junit.framework.TestSuite.createTest(TestSuite.java:135)
	at junit.framework.TestSuite.addTestMethod(TestSuite.java:114)
	at junit.framework.TestSuite.<init>(TestSuite.java:75)
	at org.eclipse.jdt.internal.junit.runner.junit3.JUnit3TestLoader.getTest(JUnit3TestLoader.java:102)
	at org.eclipse.jdt.internal.junit.runner.junit3.JUnit3TestLoader.loadTests(JUnit3TestLoader.java:59)
	at org.eclipse.jdt.internal.junit.runner.RemoteTestRunner.runTests(RemoteTestRunner.java:452)
	at org.eclipse.jdt.internal.junit.runner.RemoteTestRunner.runTests(RemoteTestRunner.java:683)
	at org.eclipse.jdt.internal.junit.runner.RemoteTestRunner.run(RemoteTestRunner.java:390)
	at org.eclipse.jdt.internal.junit.runner.RemoteTestRunner.main(RemoteTestRunner.java:197)
2014-06-28 10:18:24 INFO  log:188 - Logging initialized @74ms
2014-06-28 10:18:24 INFO  Server:300 - jetty-9.2.1.v20140609
2014-06-28 10:18:24 WARN  AbstractLifeCycle:210 - FAILED o.e.j.w.WebAppContext@4e021bd{/sparkRest,file:/home/trim/git/SpringREST/sparkRest/src/main/webapp/,null}: java.lang.NoSuchMethodError: org.eclipse.jetty.util.Loader.getResource(Ljava/lang/Class;Ljava/lang/String;Z)Ljava/net/URL;
java.lang.NoSuchMethodError: org.eclipse.jetty.util.Loader.getResource(Ljava/lang/Class;Ljava/lang/String;Z)Ljava/net/URL;
	at org.eclipse.jetty.webapp.WebDescriptor.newParser(WebDescriptor.java:72)
	at org.eclipse.jetty.webapp.WebDescriptor.ensureParser(WebDescriptor.java:61)
	at org.eclipse.jetty.webapp.Descriptor.parse(Descriptor.java:59)
	at org.eclipse.jetty.webapp.WebDescriptor.parse(WebDescriptor.java:148)
	at org.eclipse.jetty.webapp.MetaData.setDefaults(MetaData.java:149)
	at org.eclipse.jetty.webapp.WebXmlConfiguration.preConfigure(WebXmlConfiguration.java:54)
	at org.eclipse.jetty.webapp.WebAppContext.preConfigure(WebAppContext.java:453)
	at org.eclipse.jetty.webapp.WebAppContext.doStart(WebAppContext.java:489)
	at org.eclipse.jetty.util.component.AbstractLifeCycle.start(AbstractLifeCycle.java:68)
	at org.eclipse.jetty.util.component.ContainerLifeCycle.start(ContainerLifeCycle.java:132)
	at org.eclipse.jetty.server.Server.start(Server.java:357)
	at org.eclipse.jetty.util.component.ContainerLifeCycle.doStart(ContainerLifeCycle.java:114)
	at org.eclipse.jetty.server.handler.AbstractHandler.doStart(AbstractHandler.java:60)
	at org.eclipse.jetty.server.Server.doStart(Server.java:324)
	at org.eclipse.jetty.util.component.AbstractLifeCycle.start(AbstractLifeCycle.java:68)
	at EmbeddedServer.startIfRequired(EmbeddedServer.java:34)
	at UrlTests.init(UrlTests.java:34)
	at UrlTests.<init>(UrlTests.java:29)
	at sun.reflect.NativeConstructorAccessorImpl.newInstance0(Native Method)
	at sun.reflect.NativeConstructorAccessorImpl.newInstance(NativeConstructorAccessorImpl.java:57)
	at sun.reflect.DelegatingConstructorAccessorImpl.newInstance(DelegatingConstructorAccessorImpl.java:45)
	at java.lang.reflect.Constructor.newInstance(Constructor.java:526)
	at junit.framework.TestSuite.createTest(TestSuite.java:135)
	at junit.framework.TestSuite.addTestMethod(TestSuite.java:114)
	at junit.framework.TestSuite.<init>(TestSuite.java:75)
	at org.eclipse.jdt.internal.junit.runner.junit3.JUnit3TestLoader.getTest(JUnit3TestLoader.java:102)
	at org.eclipse.jdt.internal.junit.runner.junit3.JUnit3TestLoader.loadTests(JUnit3TestLoader.java:59)
	at org.eclipse.jdt.internal.junit.runner.RemoteTestRunner.runTests(RemoteTestRunner.java:452)
	at org.eclipse.jdt.internal.junit.runner.RemoteTestRunner.runTests(RemoteTestRunner.java:683)
	at org.eclipse.jdt.internal.junit.runner.RemoteTestRunner.run(RemoteTestRunner.java:390)
	at org.eclipse.jdt.internal.junit.runner.RemoteTestRunner.main(RemoteTestRunner.java:197)
2014-06-28 10:18:24 INFO  ServerConnector:266 - Started ServerConnector@1c94140a{HTTP/1.1}{0.0.0.0:8080}
2014-06-28 10:18:24 WARN  AbstractLifeCycle:210 - FAILED org.eclipse.jetty.server.Server@6bf8dc89: java.lang.NoSuchMethodError: org.eclipse.jetty.util.Loader.getResource(Ljava/lang/Class;Ljava/lang/String;Z)Ljava/net/URL;
java.lang.NoSuchMethodError: org.eclipse.jetty.util.Loader.getResource(Ljava/lang/Class;Ljava/lang/String;Z)Ljava/net/URL;
	at org.eclipse.jetty.webapp.WebDescriptor.newParser(WebDescriptor.java:72)
	at org.eclipse.jetty.webapp.WebDescriptor.ensureParser(WebDescriptor.java:61)
	at org.eclipse.jetty.webapp.Descriptor.parse(Descriptor.java:59)
	at org.eclipse.jetty.webapp.WebDescriptor.parse(WebDescriptor.java:148)
	at org.eclipse.jetty.webapp.MetaData.setDefaults(MetaData.java:149)
	at org.eclipse.jetty.webapp.WebXmlConfiguration.preConfigure(WebXmlConfiguration.java:54)
	at org.eclipse.jetty.webapp.WebAppContext.preConfigure(WebAppContext.java:453)
	at org.eclipse.jetty.webapp.WebAppContext.doStart(WebAppContext.java:489)
	at org.eclipse.jetty.util.component.AbstractLifeCycle.start(AbstractLifeCycle.java:68)
	at org.eclipse.jetty.util.component.ContainerLifeCycle.start(ContainerLifeCycle.java:132)
	at org.eclipse.jetty.server.Server.start(Server.java:357)
	at org.eclipse.jetty.util.component.ContainerLifeCycle.doStart(ContainerLifeCycle.java:114)
	at org.eclipse.jetty.server.handler.AbstractHandler.doStart(AbstractHandler.java:60)
	at org.eclipse.jetty.server.Server.doStart(Server.java:324)
	at org.eclipse.jetty.util.component.AbstractLifeCycle.start(AbstractLifeCycle.java:68)
	at EmbeddedServer.startIfRequired(EmbeddedServer.java:34)
	at UrlTests.init(UrlTests.java:34)
	at UrlTests.<init>(UrlTests.java:29)
	at sun.reflect.NativeConstructorAccessorImpl.newInstance0(Native Method)
	at sun.reflect.NativeConstructorAccessorImpl.newInstance(NativeConstructorAccessorImpl.java:57)
	at sun.reflect.DelegatingConstructorAccessorImpl.newInstance(DelegatingConstructorAccessorImpl.java:45)
	at java.lang.reflect.Constructor.newInstance(Constructor.java:526)
	at junit.framework.TestSuite.createTest(TestSuite.java:135)
	at junit.framework.TestSuite.addTestMethod(TestSuite.java:114)
	at junit.framework.TestSuite.<init>(TestSuite.java:75)
	at org.eclipse.jdt.internal.junit.runner.junit3.JUnit3TestLoader.getTest(JUnit3TestLoader.java:102)
	at org.eclipse.jdt.internal.junit.runner.junit3.JUnit3TestLoader.loadTests(JUnit3TestLoader.java:59)
	at org.eclipse.jdt.internal.junit.runner.RemoteTestRunner.runTests(RemoteTestRunner.java:452)
	at org.eclipse.jdt.internal.junit.runner.RemoteTestRunner.runTests(RemoteTestRunner.java:683)
	at org.eclipse.jdt.internal.junit.runner.RemoteTestRunner.run(RemoteTestRunner.java:390)
	at org.eclipse.jdt.internal.junit.runner.RemoteTestRunner.main(RemoteTestRunner.java:197)
2014-06-28 10:38:33 INFO  log:188 - Logging initialized @80ms
2014-06-28 10:38:33 INFO  Server:300 - jetty-9.2.1.v20140609
2014-06-28 10:38:33 WARN  AbstractLifeCycle:210 - FAILED o.e.j.w.WebAppContext@69644a50{/sparkRest,file:/home/trim/git/SpringREST/sparkRest/src/main/webapp/,null}: java.lang.NoSuchMethodError: org.eclipse.jetty.util.Loader.getResource(Ljava/lang/Class;Ljava/lang/String;Z)Ljava/net/URL;
java.lang.NoSuchMethodError: org.eclipse.jetty.util.Loader.getResource(Ljava/lang/Class;Ljava/lang/String;Z)Ljava/net/URL;
	at org.eclipse.jetty.webapp.WebDescriptor.newParser(WebDescriptor.java:72)
	at org.eclipse.jetty.webapp.WebDescriptor.ensureParser(WebDescriptor.java:61)
	at org.eclipse.jetty.webapp.Descriptor.parse(Descriptor.java:59)
	at org.eclipse.jetty.webapp.WebDescriptor.parse(WebDescriptor.java:148)
	at org.eclipse.jetty.webapp.MetaData.setDefaults(MetaData.java:149)
	at org.eclipse.jetty.webapp.WebXmlConfiguration.preConfigure(WebXmlConfiguration.java:54)
	at org.eclipse.jetty.webapp.WebAppContext.preConfigure(WebAppContext.java:453)
	at org.eclipse.jetty.webapp.WebAppContext.doStart(WebAppContext.java:489)
	at org.eclipse.jetty.util.component.AbstractLifeCycle.start(AbstractLifeCycle.java:68)
	at org.eclipse.jetty.util.component.ContainerLifeCycle.start(ContainerLifeCycle.java:132)
	at org.eclipse.jetty.server.Server.start(Server.java:357)
	at org.eclipse.jetty.util.component.ContainerLifeCycle.doStart(ContainerLifeCycle.java:114)
	at org.eclipse.jetty.server.handler.AbstractHandler.doStart(AbstractHandler.java:60)
	at org.eclipse.jetty.server.Server.doStart(Server.java:324)
	at org.eclipse.jetty.util.component.AbstractLifeCycle.start(AbstractLifeCycle.java:68)
	at EmbeddedServer.startIfRequired(EmbeddedServer.java:34)
	at UrlTests.init(UrlTests.java:34)
	at UrlTests.<init>(UrlTests.java:29)
	at sun.reflect.NativeConstructorAccessorImpl.newInstance0(Native Method)
	at sun.reflect.NativeConstructorAccessorImpl.newInstance(NativeConstructorAccessorImpl.java:57)
	at sun.reflect.DelegatingConstructorAccessorImpl.newInstance(DelegatingConstructorAccessorImpl.java:45)
	at java.lang.reflect.Constructor.newInstance(Constructor.java:526)
	at junit.framework.TestSuite.createTest(TestSuite.java:135)
	at junit.framework.TestSuite.addTestMethod(TestSuite.java:114)
	at junit.framework.TestSuite.<init>(TestSuite.java:75)
	at org.eclipse.jdt.internal.junit.runner.junit3.JUnit3TestLoader.getTest(JUnit3TestLoader.java:102)
	at org.eclipse.jdt.internal.junit.runner.junit3.JUnit3TestLoader.loadTests(JUnit3TestLoader.java:59)
	at org.eclipse.jdt.internal.junit.runner.RemoteTestRunner.runTests(RemoteTestRunner.java:452)
	at org.eclipse.jdt.internal.junit.runner.RemoteTestRunner.runTests(RemoteTestRunner.java:683)
	at org.eclipse.jdt.internal.junit.runner.RemoteTestRunner.run(RemoteTestRunner.java:390)
	at org.eclipse.jdt.internal.junit.runner.RemoteTestRunner.main(RemoteTestRunner.java:197)
2014-06-28 10:38:33 INFO  ServerConnector:266 - Started ServerConnector@2de0a562{HTTP/1.1}{0.0.0.0:8080}
2014-06-28 10:38:33 WARN  AbstractLifeCycle:210 - FAILED org.eclipse.jetty.server.Server@2a803365: java.lang.NoSuchMethodError: org.eclipse.jetty.util.Loader.getResource(Ljava/lang/Class;Ljava/lang/String;Z)Ljava/net/URL;
java.lang.NoSuchMethodError: org.eclipse.jetty.util.Loader.getResource(Ljava/lang/Class;Ljava/lang/String;Z)Ljava/net/URL;
	at org.eclipse.jetty.webapp.WebDescriptor.newParser(WebDescriptor.java:72)
	at org.eclipse.jetty.webapp.WebDescriptor.ensureParser(WebDescriptor.java:61)
	at org.eclipse.jetty.webapp.Descriptor.parse(Descriptor.java:59)
	at org.eclipse.jetty.webapp.WebDescriptor.parse(WebDescriptor.java:148)
	at org.eclipse.jetty.webapp.MetaData.setDefaults(MetaData.java:149)
	at org.eclipse.jetty.webapp.WebXmlConfiguration.preConfigure(WebXmlConfiguration.java:54)
	at org.eclipse.jetty.webapp.WebAppContext.preConfigure(WebAppContext.java:453)
	at org.eclipse.jetty.webapp.WebAppContext.doStart(WebAppContext.java:489)
	at org.eclipse.jetty.util.component.AbstractLifeCycle.start(AbstractLifeCycle.java:68)
	at org.eclipse.jetty.util.component.ContainerLifeCycle.start(ContainerLifeCycle.java:132)
	at org.eclipse.jetty.server.Server.start(Server.java:357)
	at org.eclipse.jetty.util.component.ContainerLifeCycle.doStart(ContainerLifeCycle.java:114)
	at org.eclipse.jetty.server.handler.AbstractHandler.doStart(AbstractHandler.java:60)
	at org.eclipse.jetty.server.Server.doStart(Server.java:324)
	at org.eclipse.jetty.util.component.AbstractLifeCycle.start(AbstractLifeCycle.java:68)
	at EmbeddedServer.startIfRequired(EmbeddedServer.java:34)
	at UrlTests.init(UrlTests.java:34)
	at UrlTests.<init>(UrlTests.java:29)
	at sun.reflect.NativeConstructorAccessorImpl.newInstance0(Native Method)
	at sun.reflect.NativeConstructorAccessorImpl.newInstance(NativeConstructorAccessorImpl.java:57)
	at sun.reflect.DelegatingConstructorAccessorImpl.newInstance(DelegatingConstructorAccessorImpl.java:45)
	at java.lang.reflect.Constructor.newInstance(Constructor.java:526)
	at junit.framework.TestSuite.createTest(TestSuite.java:135)
	at junit.framework.TestSuite.addTestMethod(TestSuite.java:114)
	at junit.framework.TestSuite.<init>(TestSuite.java:75)
	at org.eclipse.jdt.internal.junit.runner.junit3.JUnit3TestLoader.getTest(JUnit3TestLoader.java:102)
	at org.eclipse.jdt.internal.junit.runner.junit3.JUnit3TestLoader.loadTests(JUnit3TestLoader.java:59)
	at org.eclipse.jdt.internal.junit.runner.RemoteTestRunner.runTests(RemoteTestRunner.java:452)
	at org.eclipse.jdt.internal.junit.runner.RemoteTestRunner.runTests(RemoteTestRunner.java:683)
	at org.eclipse.jdt.internal.junit.runner.RemoteTestRunner.run(RemoteTestRunner.java:390)
	at org.eclipse.jdt.internal.junit.runner.RemoteTestRunner.main(RemoteTestRunner.java:197)
2014-06-28 10:39:10 INFO  log:188 - Logging initialized @8763ms
2014-06-28 10:39:18 INFO  Server:300 - jetty-9.2.1.v20140609
2014-06-28 10:39:18 WARN  AbstractLifeCycle:210 - FAILED o.e.j.w.WebAppContext@7c6fcd57{/sparkRest,file:/home/trim/git/SpringREST/sparkRest/src/main/webapp/,null}: java.lang.NoSuchMethodError: org.eclipse.jetty.util.Loader.getResource(Ljava/lang/Class;Ljava/lang/String;Z)Ljava/net/URL;
java.lang.NoSuchMethodError: org.eclipse.jetty.util.Loader.getResource(Ljava/lang/Class;Ljava/lang/String;Z)Ljava/net/URL;
	at org.eclipse.jetty.webapp.WebDescriptor.newParser(WebDescriptor.java:72)
	at org.eclipse.jetty.webapp.WebDescriptor.ensureParser(WebDescriptor.java:61)
	at org.eclipse.jetty.webapp.Descriptor.parse(Descriptor.java:59)
	at org.eclipse.jetty.webapp.WebDescriptor.parse(WebDescriptor.java:148)
	at org.eclipse.jetty.webapp.MetaData.setDefaults(MetaData.java:149)
	at org.eclipse.jetty.webapp.WebXmlConfiguration.preConfigure(WebXmlConfiguration.java:54)
	at org.eclipse.jetty.webapp.WebAppContext.preConfigure(WebAppContext.java:453)
	at org.eclipse.jetty.webapp.WebAppContext.doStart(WebAppContext.java:489)
	at org.eclipse.jetty.util.component.AbstractLifeCycle.start(AbstractLifeCycle.java:68)
	at org.eclipse.jetty.util.component.ContainerLifeCycle.start(ContainerLifeCycle.java:132)
	at org.eclipse.jetty.server.Server.start(Server.java:357)
	at org.eclipse.jetty.util.component.ContainerLifeCycle.doStart(ContainerLifeCycle.java:114)
	at org.eclipse.jetty.server.handler.AbstractHandler.doStart(AbstractHandler.java:60)
	at org.eclipse.jetty.server.Server.doStart(Server.java:324)
	at org.eclipse.jetty.util.component.AbstractLifeCycle.start(AbstractLifeCycle.java:68)
	at EmbeddedServer.startIfRequired(EmbeddedServer.java:34)
	at UrlTests.init(UrlTests.java:34)
	at UrlTests.<init>(UrlTests.java:29)
	at sun.reflect.NativeConstructorAccessorImpl.newInstance0(Native Method)
	at sun.reflect.NativeConstructorAccessorImpl.newInstance(NativeConstructorAccessorImpl.java:57)
	at sun.reflect.DelegatingConstructorAccessorImpl.newInstance(DelegatingConstructorAccessorImpl.java:45)
	at java.lang.reflect.Constructor.newInstance(Constructor.java:526)
	at junit.framework.TestSuite.createTest(TestSuite.java:135)
	at junit.framework.TestSuite.addTestMethod(TestSuite.java:114)
	at junit.framework.TestSuite.<init>(TestSuite.java:75)
	at org.eclipse.jdt.internal.junit.runner.junit3.JUnit3TestLoader.getTest(JUnit3TestLoader.java:102)
	at org.eclipse.jdt.internal.junit.runner.junit3.JUnit3TestLoader.loadTests(JUnit3TestLoader.java:59)
	at org.eclipse.jdt.internal.junit.runner.RemoteTestRunner.runTests(RemoteTestRunner.java:452)
	at org.eclipse.jdt.internal.junit.runner.RemoteTestRunner.runTests(RemoteTestRunner.java:683)
	at org.eclipse.jdt.internal.junit.runner.RemoteTestRunner.run(RemoteTestRunner.java:390)
	at org.eclipse.jdt.internal.junit.runner.RemoteTestRunner.main(RemoteTestRunner.java:197)
2014-06-28 10:39:18 INFO  ServerConnector:266 - Started ServerConnector@66cc8157{HTTP/1.1}{0.0.0.0:8080}
2014-06-28 10:39:18 WARN  AbstractLifeCycle:210 - FAILED org.eclipse.jetty.server.Server@621ee2de: java.lang.NoSuchMethodError: org.eclipse.jetty.util.Loader.getResource(Ljava/lang/Class;Ljava/lang/String;Z)Ljava/net/URL;
java.lang.NoSuchMethodError: org.eclipse.jetty.util.Loader.getResource(Ljava/lang/Class;Ljava/lang/String;Z)Ljava/net/URL;
	at org.eclipse.jetty.webapp.WebDescriptor.newParser(WebDescriptor.java:72)
	at org.eclipse.jetty.webapp.WebDescriptor.ensureParser(WebDescriptor.java:61)
	at org.eclipse.jetty.webapp.Descriptor.parse(Descriptor.java:59)
	at org.eclipse.jetty.webapp.WebDescriptor.parse(WebDescriptor.java:148)
	at org.eclipse.jetty.webapp.MetaData.setDefaults(MetaData.java:149)
	at org.eclipse.jetty.webapp.WebXmlConfiguration.preConfigure(WebXmlConfiguration.java:54)
	at org.eclipse.jetty.webapp.WebAppContext.preConfigure(WebAppContext.java:453)
	at org.eclipse.jetty.webapp.WebAppContext.doStart(WebAppContext.java:489)
	at org.eclipse.jetty.util.component.AbstractLifeCycle.start(AbstractLifeCycle.java:68)
	at org.eclipse.jetty.util.component.ContainerLifeCycle.start(ContainerLifeCycle.java:132)
	at org.eclipse.jetty.server.Server.start(Server.java:357)
	at org.eclipse.jetty.util.component.ContainerLifeCycle.doStart(ContainerLifeCycle.java:114)
	at org.eclipse.jetty.server.handler.AbstractHandler.doStart(AbstractHandler.java:60)
	at org.eclipse.jetty.server.Server.doStart(Server.java:324)
	at org.eclipse.jetty.util.component.AbstractLifeCycle.start(AbstractLifeCycle.java:68)
	at EmbeddedServer.startIfRequired(EmbeddedServer.java:34)
	at UrlTests.init(UrlTests.java:34)
	at UrlTests.<init>(UrlTests.java:29)
	at sun.reflect.NativeConstructorAccessorImpl.newInstance0(Native Method)
	at sun.reflect.NativeConstructorAccessorImpl.newInstance(NativeConstructorAccessorImpl.java:57)
	at sun.reflect.DelegatingConstructorAccessorImpl.newInstance(DelegatingConstructorAccessorImpl.java:45)
	at java.lang.reflect.Constructor.newInstance(Constructor.java:526)
	at junit.framework.TestSuite.createTest(TestSuite.java:135)
	at junit.framework.TestSuite.addTestMethod(TestSuite.java:114)
	at junit.framework.TestSuite.<init>(TestSuite.java:75)
	at org.eclipse.jdt.internal.junit.runner.junit3.JUnit3TestLoader.getTest(JUnit3TestLoader.java:102)
	at org.eclipse.jdt.internal.junit.runner.junit3.JUnit3TestLoader.loadTests(JUnit3TestLoader.java:59)
	at org.eclipse.jdt.internal.junit.runner.RemoteTestRunner.runTests(RemoteTestRunner.java:452)
	at org.eclipse.jdt.internal.junit.runner.RemoteTestRunner.runTests(RemoteTestRunner.java:683)
	at org.eclipse.jdt.internal.junit.runner.RemoteTestRunner.run(RemoteTestRunner.java:390)
	at org.eclipse.jdt.internal.junit.runner.RemoteTestRunner.main(RemoteTestRunner.java:197)
2014-06-28 10:44:27 INFO  log:188 - Logging initialized @53ms
2014-06-28 10:44:27 INFO  Server:300 - jetty-9.2.1.v20140609
2014-06-28 10:44:27 WARN  AbstractLifeCycle:210 - FAILED o.e.j.w.WebAppContext@75007685{/sparkRest,file:/home/trim/git/SpringREST/sparkRest/src/main/webapp/,null}: java.lang.NoSuchMethodError: org.eclipse.jetty.util.Loader.getResource(Ljava/lang/Class;Ljava/lang/String;Z)Ljava/net/URL;
java.lang.NoSuchMethodError: org.eclipse.jetty.util.Loader.getResource(Ljava/lang/Class;Ljava/lang/String;Z)Ljava/net/URL;
	at org.eclipse.jetty.webapp.WebDescriptor.newParser(WebDescriptor.java:72)
	at org.eclipse.jetty.webapp.WebDescriptor.ensureParser(WebDescriptor.java:61)
	at org.eclipse.jetty.webapp.Descriptor.parse(Descriptor.java:59)
	at org.eclipse.jetty.webapp.WebDescriptor.parse(WebDescriptor.java:148)
	at org.eclipse.jetty.webapp.MetaData.setDefaults(MetaData.java:149)
	at org.eclipse.jetty.webapp.WebXmlConfiguration.preConfigure(WebXmlConfiguration.java:54)
	at org.eclipse.jetty.webapp.WebAppContext.preConfigure(WebAppContext.java:453)
	at org.eclipse.jetty.webapp.WebAppContext.doStart(WebAppContext.java:489)
	at org.eclipse.jetty.util.component.AbstractLifeCycle.start(AbstractLifeCycle.java:68)
	at org.eclipse.jetty.util.component.ContainerLifeCycle.start(ContainerLifeCycle.java:132)
	at org.eclipse.jetty.server.Server.start(Server.java:357)
	at org.eclipse.jetty.util.component.ContainerLifeCycle.doStart(ContainerLifeCycle.java:114)
	at org.eclipse.jetty.server.handler.AbstractHandler.doStart(AbstractHandler.java:60)
	at org.eclipse.jetty.server.Server.doStart(Server.java:324)
	at org.eclipse.jetty.util.component.AbstractLifeCycle.start(AbstractLifeCycle.java:68)
	at EmbeddedServer.startIfRequired(EmbeddedServer.java:34)
	at EmbeddedServer.main(EmbeddedServer.java:53)
2014-06-28 10:44:27 INFO  ServerConnector:266 - Started ServerConnector@48a0c533{HTTP/1.1}{0.0.0.0:8080}
2014-06-28 10:44:27 WARN  AbstractLifeCycle:210 - FAILED org.eclipse.jetty.server.Server@4725d9b: java.lang.NoSuchMethodError: org.eclipse.jetty.util.Loader.getResource(Ljava/lang/Class;Ljava/lang/String;Z)Ljava/net/URL;
java.lang.NoSuchMethodError: org.eclipse.jetty.util.Loader.getResource(Ljava/lang/Class;Ljava/lang/String;Z)Ljava/net/URL;
	at org.eclipse.jetty.webapp.WebDescriptor.newParser(WebDescriptor.java:72)
	at org.eclipse.jetty.webapp.WebDescriptor.ensureParser(WebDescriptor.java:61)
	at org.eclipse.jetty.webapp.Descriptor.parse(Descriptor.java:59)
	at org.eclipse.jetty.webapp.WebDescriptor.parse(WebDescriptor.java:148)
	at org.eclipse.jetty.webapp.MetaData.setDefaults(MetaData.java:149)
	at org.eclipse.jetty.webapp.WebXmlConfiguration.preConfigure(WebXmlConfiguration.java:54)
	at org.eclipse.jetty.webapp.WebAppContext.preConfigure(WebAppContext.java:453)
	at org.eclipse.jetty.webapp.WebAppContext.doStart(WebAppContext.java:489)
	at org.eclipse.jetty.util.component.AbstractLifeCycle.start(AbstractLifeCycle.java:68)
	at org.eclipse.jetty.util.component.ContainerLifeCycle.start(ContainerLifeCycle.java:132)
	at org.eclipse.jetty.server.Server.start(Server.java:357)
	at org.eclipse.jetty.util.component.ContainerLifeCycle.doStart(ContainerLifeCycle.java:114)
	at org.eclipse.jetty.server.handler.AbstractHandler.doStart(AbstractHandler.java:60)
	at org.eclipse.jetty.server.Server.doStart(Server.java:324)
	at org.eclipse.jetty.util.component.AbstractLifeCycle.start(AbstractLifeCycle.java:68)
	at EmbeddedServer.startIfRequired(EmbeddedServer.java:34)
	at EmbeddedServer.main(EmbeddedServer.java:53)
2014-06-28 10:47:00 INFO  log:188 - Logging initialized @56ms
2014-06-28 10:47:00 INFO  Server:300 - jetty-9.2.1.v20140609
2014-06-28 10:47:00 WARN  AbstractLifeCycle:210 - FAILED o.e.j.w.WebAppContext@11e71d39{/,file:/home/trim/git/SpringREST/sparkRest/src/main/webapp/,null}: java.lang.NoSuchMethodError: org.eclipse.jetty.util.Loader.getResource(Ljava/lang/Class;Ljava/lang/String;Z)Ljava/net/URL;
java.lang.NoSuchMethodError: org.eclipse.jetty.util.Loader.getResource(Ljava/lang/Class;Ljava/lang/String;Z)Ljava/net/URL;
	at org.eclipse.jetty.webapp.WebDescriptor.newParser(WebDescriptor.java:72)
	at org.eclipse.jetty.webapp.WebDescriptor.ensureParser(WebDescriptor.java:61)
	at org.eclipse.jetty.webapp.Descriptor.parse(Descriptor.java:59)
	at org.eclipse.jetty.webapp.WebDescriptor.parse(WebDescriptor.java:148)
	at org.eclipse.jetty.webapp.MetaData.setDefaults(MetaData.java:149)
	at org.eclipse.jetty.webapp.WebXmlConfiguration.preConfigure(WebXmlConfiguration.java:54)
	at org.eclipse.jetty.webapp.WebAppContext.preConfigure(WebAppContext.java:453)
	at org.eclipse.jetty.webapp.WebAppContext.doStart(WebAppContext.java:489)
	at org.eclipse.jetty.util.component.AbstractLifeCycle.start(AbstractLifeCycle.java:68)
	at org.eclipse.jetty.util.component.ContainerLifeCycle.start(ContainerLifeCycle.java:132)
	at org.eclipse.jetty.server.Server.start(Server.java:357)
	at org.eclipse.jetty.util.component.ContainerLifeCycle.doStart(ContainerLifeCycle.java:114)
	at org.eclipse.jetty.server.handler.AbstractHandler.doStart(AbstractHandler.java:60)
	at org.eclipse.jetty.server.Server.doStart(Server.java:324)
	at org.eclipse.jetty.util.component.AbstractLifeCycle.start(AbstractLifeCycle.java:68)
	at EmbeddedServer.startIfRequired(EmbeddedServer.java:34)
	at EmbeddedServer.main(EmbeddedServer.java:53)
2014-06-28 10:47:00 INFO  ServerConnector:266 - Started ServerConnector@4e453182{HTTP/1.1}{0.0.0.0:8080}
2014-06-28 10:47:00 WARN  AbstractLifeCycle:210 - FAILED org.eclipse.jetty.server.Server@e068b6a: java.lang.NoSuchMethodError: org.eclipse.jetty.util.Loader.getResource(Ljava/lang/Class;Ljava/lang/String;Z)Ljava/net/URL;
java.lang.NoSuchMethodError: org.eclipse.jetty.util.Loader.getResource(Ljava/lang/Class;Ljava/lang/String;Z)Ljava/net/URL;
	at org.eclipse.jetty.webapp.WebDescriptor.newParser(WebDescriptor.java:72)
	at org.eclipse.jetty.webapp.WebDescriptor.ensureParser(WebDescriptor.java:61)
	at org.eclipse.jetty.webapp.Descriptor.parse(Descriptor.java:59)
	at org.eclipse.jetty.webapp.WebDescriptor.parse(WebDescriptor.java:148)
	at org.eclipse.jetty.webapp.MetaData.setDefaults(MetaData.java:149)
	at org.eclipse.jetty.webapp.WebXmlConfiguration.preConfigure(WebXmlConfiguration.java:54)
	at org.eclipse.jetty.webapp.WebAppContext.preConfigure(WebAppContext.java:453)
	at org.eclipse.jetty.webapp.WebAppContext.doStart(WebAppContext.java:489)
	at org.eclipse.jetty.util.component.AbstractLifeCycle.start(AbstractLifeCycle.java:68)
	at org.eclipse.jetty.util.component.ContainerLifeCycle.start(ContainerLifeCycle.java:132)
	at org.eclipse.jetty.server.Server.start(Server.java:357)
	at org.eclipse.jetty.util.component.ContainerLifeCycle.doStart(ContainerLifeCycle.java:114)
	at org.eclipse.jetty.server.handler.AbstractHandler.doStart(AbstractHandler.java:60)
	at org.eclipse.jetty.server.Server.doStart(Server.java:324)
	at org.eclipse.jetty.util.component.AbstractLifeCycle.start(AbstractLifeCycle.java:68)
	at EmbeddedServer.startIfRequired(EmbeddedServer.java:34)
	at EmbeddedServer.main(EmbeddedServer.java:53)
2014-06-28 10:49:16 INFO  log:188 - Logging initialized @55ms
2014-06-28 10:49:16 INFO  Server:300 - jetty-9.2.1.v20140609
2014-06-28 10:49:16 WARN  AbstractLifeCycle:210 - FAILED o.e.j.w.WebAppContext@4fa3c06e{/,file:/home/trim/git/SpringREST/sparkRest/src/main/webapp/,null}: java.lang.NoSuchMethodError: org.eclipse.jetty.util.Loader.getResource(Ljava/lang/Class;Ljava/lang/String;Z)Ljava/net/URL;
java.lang.NoSuchMethodError: org.eclipse.jetty.util.Loader.getResource(Ljava/lang/Class;Ljava/lang/String;Z)Ljava/net/URL;
	at org.eclipse.jetty.webapp.WebDescriptor.newParser(WebDescriptor.java:72)
	at org.eclipse.jetty.webapp.WebDescriptor.ensureParser(WebDescriptor.java:61)
	at org.eclipse.jetty.webapp.Descriptor.parse(Descriptor.java:59)
	at org.eclipse.jetty.webapp.WebDescriptor.parse(WebDescriptor.java:148)
	at org.eclipse.jetty.webapp.MetaData.setDefaults(MetaData.java:149)
	at org.eclipse.jetty.webapp.WebXmlConfiguration.preConfigure(WebXmlConfiguration.java:54)
	at org.eclipse.jetty.webapp.WebAppContext.preConfigure(WebAppContext.java:453)
	at org.eclipse.jetty.webapp.WebAppContext.doStart(WebAppContext.java:489)
	at org.eclipse.jetty.util.component.AbstractLifeCycle.start(AbstractLifeCycle.java:68)
	at org.eclipse.jetty.util.component.ContainerLifeCycle.start(ContainerLifeCycle.java:132)
	at org.eclipse.jetty.server.Server.start(Server.java:357)
	at org.eclipse.jetty.util.component.ContainerLifeCycle.doStart(ContainerLifeCycle.java:114)
	at org.eclipse.jetty.server.handler.AbstractHandler.doStart(AbstractHandler.java:60)
	at org.eclipse.jetty.server.Server.doStart(Server.java:324)
	at org.eclipse.jetty.util.component.AbstractLifeCycle.start(AbstractLifeCycle.java:68)
	at EmbeddedServer.startIfRequired(EmbeddedServer.java:34)
	at EmbeddedServer.main(EmbeddedServer.java:53)
2014-06-28 10:49:16 INFO  ServerConnector:266 - Started ServerConnector@4e453182{HTTP/1.1}{0.0.0.0:8080}
2014-06-28 10:49:16 WARN  AbstractLifeCycle:210 - FAILED org.eclipse.jetty.server.Server@466b56b: java.lang.NoSuchMethodError: org.eclipse.jetty.util.Loader.getResource(Ljava/lang/Class;Ljava/lang/String;Z)Ljava/net/URL;
java.lang.NoSuchMethodError: org.eclipse.jetty.util.Loader.getResource(Ljava/lang/Class;Ljava/lang/String;Z)Ljava/net/URL;
	at org.eclipse.jetty.webapp.WebDescriptor.newParser(WebDescriptor.java:72)
	at org.eclipse.jetty.webapp.WebDescriptor.ensureParser(WebDescriptor.java:61)
	at org.eclipse.jetty.webapp.Descriptor.parse(Descriptor.java:59)
	at org.eclipse.jetty.webapp.WebDescriptor.parse(WebDescriptor.java:148)
	at org.eclipse.jetty.webapp.MetaData.setDefaults(MetaData.java:149)
	at org.eclipse.jetty.webapp.WebXmlConfiguration.preConfigure(WebXmlConfiguration.java:54)
	at org.eclipse.jetty.webapp.WebAppContext.preConfigure(WebAppContext.java:453)
	at org.eclipse.jetty.webapp.WebAppContext.doStart(WebAppContext.java:489)
	at org.eclipse.jetty.util.component.AbstractLifeCycle.start(AbstractLifeCycle.java:68)
	at org.eclipse.jetty.util.component.ContainerLifeCycle.start(ContainerLifeCycle.java:132)
	at org.eclipse.jetty.server.Server.start(Server.java:357)
	at org.eclipse.jetty.util.component.ContainerLifeCycle.doStart(ContainerLifeCycle.java:114)
	at org.eclipse.jetty.server.handler.AbstractHandler.doStart(AbstractHandler.java:60)
	at org.eclipse.jetty.server.Server.doStart(Server.java:324)
	at org.eclipse.jetty.util.component.AbstractLifeCycle.start(AbstractLifeCycle.java:68)
	at EmbeddedServer.startIfRequired(EmbeddedServer.java:34)
	at EmbeddedServer.main(EmbeddedServer.java:53)
2014-06-28 10:53:18 INFO  Server:300 - jetty-9.1.0.v20131115
2014-06-28 10:53:18 WARN  AbstractLifeCycle:209 - FAILED o.e.j.w.WebAppContext@29f12030{/,file:/home/trim/git/SpringREST/sparkRest/src/main/webapp/,null}: java.lang.NoSuchMethodError: org.eclipse.jetty.util.Loader.getResource(Ljava/lang/Class;Ljava/lang/String;Z)Ljava/net/URL;
java.lang.NoSuchMethodError: org.eclipse.jetty.util.Loader.getResource(Ljava/lang/Class;Ljava/lang/String;Z)Ljava/net/URL;
	at org.eclipse.jetty.webapp.WebDescriptor.newParser(WebDescriptor.java:72)
	at org.eclipse.jetty.webapp.WebDescriptor.ensureParser(WebDescriptor.java:61)
	at org.eclipse.jetty.webapp.Descriptor.parse(Descriptor.java:59)
	at org.eclipse.jetty.webapp.WebDescriptor.parse(WebDescriptor.java:148)
	at org.eclipse.jetty.webapp.MetaData.setDefaults(MetaData.java:149)
	at org.eclipse.jetty.webapp.WebXmlConfiguration.preConfigure(WebXmlConfiguration.java:54)
	at org.eclipse.jetty.webapp.WebAppContext.preConfigure(WebAppContext.java:453)
	at org.eclipse.jetty.webapp.WebAppContext.doStart(WebAppContext.java:489)
	at org.eclipse.jetty.util.component.AbstractLifeCycle.start(AbstractLifeCycle.java:69)
	at org.eclipse.jetty.util.component.ContainerLifeCycle.start(ContainerLifeCycle.java:117)
	at org.eclipse.jetty.server.Server.start(Server.java:355)
	at org.eclipse.jetty.util.component.ContainerLifeCycle.doStart(ContainerLifeCycle.java:99)
	at org.eclipse.jetty.server.handler.AbstractHandler.doStart(AbstractHandler.java:60)
	at org.eclipse.jetty.server.Server.doStart(Server.java:324)
	at org.eclipse.jetty.util.component.AbstractLifeCycle.start(AbstractLifeCycle.java:69)
	at EmbeddedServer.startIfRequired(EmbeddedServer.java:34)
	at EmbeddedServer.main(EmbeddedServer.java:53)
2014-06-28 10:53:18 INFO  ServerConnector:265 - Started ServerConnector@3ea4480d{HTTP/1.1}{0.0.0.0:8080}
2014-06-28 10:53:18 WARN  AbstractLifeCycle:209 - FAILED org.eclipse.jetty.server.Server@3a3e8692: java.lang.NoSuchMethodError: org.eclipse.jetty.util.Loader.getResource(Ljava/lang/Class;Ljava/lang/String;Z)Ljava/net/URL;
java.lang.NoSuchMethodError: org.eclipse.jetty.util.Loader.getResource(Ljava/lang/Class;Ljava/lang/String;Z)Ljava/net/URL;
	at org.eclipse.jetty.webapp.WebDescriptor.newParser(WebDescriptor.java:72)
	at org.eclipse.jetty.webapp.WebDescriptor.ensureParser(WebDescriptor.java:61)
	at org.eclipse.jetty.webapp.Descriptor.parse(Descriptor.java:59)
	at org.eclipse.jetty.webapp.WebDescriptor.parse(WebDescriptor.java:148)
	at org.eclipse.jetty.webapp.MetaData.setDefaults(MetaData.java:149)
	at org.eclipse.jetty.webapp.WebXmlConfiguration.preConfigure(WebXmlConfiguration.java:54)
	at org.eclipse.jetty.webapp.WebAppContext.preConfigure(WebAppContext.java:453)
	at org.eclipse.jetty.webapp.WebAppContext.doStart(WebAppContext.java:489)
	at org.eclipse.jetty.util.component.AbstractLifeCycle.start(AbstractLifeCycle.java:69)
	at org.eclipse.jetty.util.component.ContainerLifeCycle.start(ContainerLifeCycle.java:117)
	at org.eclipse.jetty.server.Server.start(Server.java:355)
	at org.eclipse.jetty.util.component.ContainerLifeCycle.doStart(ContainerLifeCycle.java:99)
	at org.eclipse.jetty.server.handler.AbstractHandler.doStart(AbstractHandler.java:60)
	at org.eclipse.jetty.server.Server.doStart(Server.java:324)
	at org.eclipse.jetty.util.component.AbstractLifeCycle.start(AbstractLifeCycle.java:69)
	at EmbeddedServer.startIfRequired(EmbeddedServer.java:34)
	at EmbeddedServer.main(EmbeddedServer.java:53)
2014-06-28 11:20:43 INFO  Server:300 - jetty-9.1.0.v20131115
2014-06-28 11:20:43 WARN  AbstractLifeCycle:209 - FAILED o.e.j.w.WebAppContext@39757c6f{/,file:/src/main/webapp,null}: java.lang.NoSuchMethodError: org.eclipse.jetty.util.Loader.getResource(Ljava/lang/Class;Ljava/lang/String;Z)Ljava/net/URL;
java.lang.NoSuchMethodError: org.eclipse.jetty.util.Loader.getResource(Ljava/lang/Class;Ljava/lang/String;Z)Ljava/net/URL;
	at org.eclipse.jetty.webapp.WebDescriptor.newParser(WebDescriptor.java:72)
	at org.eclipse.jetty.webapp.WebDescriptor.ensureParser(WebDescriptor.java:61)
	at org.eclipse.jetty.webapp.Descriptor.parse(Descriptor.java:59)
	at org.eclipse.jetty.webapp.WebDescriptor.parse(WebDescriptor.java:148)
	at org.eclipse.jetty.webapp.MetaData.setDefaults(MetaData.java:149)
	at org.eclipse.jetty.webapp.WebXmlConfiguration.preConfigure(WebXmlConfiguration.java:54)
	at org.eclipse.jetty.webapp.WebAppContext.preConfigure(WebAppContext.java:453)
	at org.eclipse.jetty.webapp.WebAppContext.doStart(WebAppContext.java:489)
	at org.eclipse.jetty.util.component.AbstractLifeCycle.start(AbstractLifeCycle.java:69)
	at org.eclipse.jetty.util.component.ContainerLifeCycle.start(ContainerLifeCycle.java:117)
	at org.eclipse.jetty.server.Server.start(Server.java:355)
	at org.eclipse.jetty.util.component.ContainerLifeCycle.doStart(ContainerLifeCycle.java:99)
	at org.eclipse.jetty.server.handler.AbstractHandler.doStart(AbstractHandler.java:60)
	at org.eclipse.jetty.server.Server.doStart(Server.java:324)
	at org.eclipse.jetty.util.component.AbstractLifeCycle.start(AbstractLifeCycle.java:69)
	at EmbeddedServer.startIfRequired(EmbeddedServer.java:34)
	at EmbeddedServer.main(EmbeddedServer.java:54)
2014-06-28 11:20:43 INFO  ServerConnector:265 - Started ServerConnector@4ece3b01{HTTP/1.1}{0.0.0.0:8090}
2014-06-28 11:20:43 WARN  AbstractLifeCycle:209 - FAILED org.eclipse.jetty.server.Server@236eb92a: java.lang.NoSuchMethodError: org.eclipse.jetty.util.Loader.getResource(Ljava/lang/Class;Ljava/lang/String;Z)Ljava/net/URL;
java.lang.NoSuchMethodError: org.eclipse.jetty.util.Loader.getResource(Ljava/lang/Class;Ljava/lang/String;Z)Ljava/net/URL;
	at org.eclipse.jetty.webapp.WebDescriptor.newParser(WebDescriptor.java:72)
	at org.eclipse.jetty.webapp.WebDescriptor.ensureParser(WebDescriptor.java:61)
	at org.eclipse.jetty.webapp.Descriptor.parse(Descriptor.java:59)
	at org.eclipse.jetty.webapp.WebDescriptor.parse(WebDescriptor.java:148)
	at org.eclipse.jetty.webapp.MetaData.setDefaults(MetaData.java:149)
	at org.eclipse.jetty.webapp.WebXmlConfiguration.preConfigure(WebXmlConfiguration.java:54)
	at org.eclipse.jetty.webapp.WebAppContext.preConfigure(WebAppContext.java:453)
	at org.eclipse.jetty.webapp.WebAppContext.doStart(WebAppContext.java:489)
	at org.eclipse.jetty.util.component.AbstractLifeCycle.start(AbstractLifeCycle.java:69)
	at org.eclipse.jetty.util.component.ContainerLifeCycle.start(ContainerLifeCycle.java:117)
	at org.eclipse.jetty.server.Server.start(Server.java:355)
	at org.eclipse.jetty.util.component.ContainerLifeCycle.doStart(ContainerLifeCycle.java:99)
	at org.eclipse.jetty.server.handler.AbstractHandler.doStart(AbstractHandler.java:60)
	at org.eclipse.jetty.server.Server.doStart(Server.java:324)
	at org.eclipse.jetty.util.component.AbstractLifeCycle.start(AbstractLifeCycle.java:69)
	at EmbeddedServer.startIfRequired(EmbeddedServer.java:34)
	at EmbeddedServer.main(EmbeddedServer.java:54)
2014-06-28 11:22:29 INFO  Server:300 - jetty-9.1.0.v20131115
2014-06-28 11:22:29 WARN  AbstractLifeCycle:209 - FAILED o.e.j.w.WebAppContext@503c78e1{/,file:/home/trim/git/SpringREST/sparkRest/src/main/webapp/,null}: java.lang.NoSuchMethodError: org.eclipse.jetty.util.Loader.getResource(Ljava/lang/Class;Ljava/lang/String;Z)Ljava/net/URL;
java.lang.NoSuchMethodError: org.eclipse.jetty.util.Loader.getResource(Ljava/lang/Class;Ljava/lang/String;Z)Ljava/net/URL;
	at org.eclipse.jetty.webapp.WebDescriptor.newParser(WebDescriptor.java:72)
	at org.eclipse.jetty.webapp.WebDescriptor.ensureParser(WebDescriptor.java:61)
	at org.eclipse.jetty.webapp.Descriptor.parse(Descriptor.java:59)
	at org.eclipse.jetty.webapp.WebDescriptor.parse(WebDescriptor.java:148)
	at org.eclipse.jetty.webapp.MetaData.setDefaults(MetaData.java:149)
	at org.eclipse.jetty.webapp.WebXmlConfiguration.preConfigure(WebXmlConfiguration.java:54)
	at org.eclipse.jetty.webapp.WebAppContext.preConfigure(WebAppContext.java:453)
	at org.eclipse.jetty.webapp.WebAppContext.doStart(WebAppContext.java:489)
	at org.eclipse.jetty.util.component.AbstractLifeCycle.start(AbstractLifeCycle.java:69)
	at org.eclipse.jetty.util.component.ContainerLifeCycle.start(ContainerLifeCycle.java:117)
	at org.eclipse.jetty.server.Server.start(Server.java:355)
	at org.eclipse.jetty.util.component.ContainerLifeCycle.doStart(ContainerLifeCycle.java:99)
	at org.eclipse.jetty.server.handler.AbstractHandler.doStart(AbstractHandler.java:60)
	at org.eclipse.jetty.server.Server.doStart(Server.java:324)
	at org.eclipse.jetty.util.component.AbstractLifeCycle.start(AbstractLifeCycle.java:69)
	at EmbeddedServer.startIfRequired(EmbeddedServer.java:36)
	at EmbeddedServer.main(EmbeddedServer.java:56)
2014-06-28 11:22:29 INFO  ServerConnector:265 - Started ServerConnector@2a14d8c8{HTTP/1.1}{0.0.0.0:8090}
2014-06-28 11:22:29 WARN  AbstractLifeCycle:209 - FAILED org.eclipse.jetty.server.Server@fb8a556: java.lang.NoSuchMethodError: org.eclipse.jetty.util.Loader.getResource(Ljava/lang/Class;Ljava/lang/String;Z)Ljava/net/URL;
java.lang.NoSuchMethodError: org.eclipse.jetty.util.Loader.getResource(Ljava/lang/Class;Ljava/lang/String;Z)Ljava/net/URL;
	at org.eclipse.jetty.webapp.WebDescriptor.newParser(WebDescriptor.java:72)
	at org.eclipse.jetty.webapp.WebDescriptor.ensureParser(WebDescriptor.java:61)
	at org.eclipse.jetty.webapp.Descriptor.parse(Descriptor.java:59)
	at org.eclipse.jetty.webapp.WebDescriptor.parse(WebDescriptor.java:148)
	at org.eclipse.jetty.webapp.MetaData.setDefaults(MetaData.java:149)
	at org.eclipse.jetty.webapp.WebXmlConfiguration.preConfigure(WebXmlConfiguration.java:54)
	at org.eclipse.jetty.webapp.WebAppContext.preConfigure(WebAppContext.java:453)
	at org.eclipse.jetty.webapp.WebAppContext.doStart(WebAppContext.java:489)
	at org.eclipse.jetty.util.component.AbstractLifeCycle.start(AbstractLifeCycle.java:69)
	at org.eclipse.jetty.util.component.ContainerLifeCycle.start(ContainerLifeCycle.java:117)
	at org.eclipse.jetty.server.Server.start(Server.java:355)
	at org.eclipse.jetty.util.component.ContainerLifeCycle.doStart(ContainerLifeCycle.java:99)
	at org.eclipse.jetty.server.handler.AbstractHandler.doStart(AbstractHandler.java:60)
	at org.eclipse.jetty.server.Server.doStart(Server.java:324)
	at org.eclipse.jetty.util.component.AbstractLifeCycle.start(AbstractLifeCycle.java:69)
	at EmbeddedServer.startIfRequired(EmbeddedServer.java:36)
	at EmbeddedServer.main(EmbeddedServer.java:56)
2014-06-28 11:22:35 INFO  Server:300 - jetty-9.1.0.v20131115
2014-06-28 11:22:35 WARN  AbstractLifeCycle:209 - FAILED o.e.j.w.WebAppContext@503c78e1{/,file:/home/trim/git/SpringREST/sparkRest/src/main/webapp/,null}: java.lang.NoSuchMethodError: org.eclipse.jetty.util.Loader.getResource(Ljava/lang/Class;Ljava/lang/String;Z)Ljava/net/URL;
java.lang.NoSuchMethodError: org.eclipse.jetty.util.Loader.getResource(Ljava/lang/Class;Ljava/lang/String;Z)Ljava/net/URL;
	at org.eclipse.jetty.webapp.WebDescriptor.newParser(WebDescriptor.java:72)
	at org.eclipse.jetty.webapp.WebDescriptor.ensureParser(WebDescriptor.java:61)
	at org.eclipse.jetty.webapp.Descriptor.parse(Descriptor.java:59)
	at org.eclipse.jetty.webapp.WebDescriptor.parse(WebDescriptor.java:148)
	at org.eclipse.jetty.webapp.MetaData.setDefaults(MetaData.java:149)
	at org.eclipse.jetty.webapp.WebXmlConfiguration.preConfigure(WebXmlConfiguration.java:54)
	at org.eclipse.jetty.webapp.WebAppContext.preConfigure(WebAppContext.java:453)
	at org.eclipse.jetty.webapp.WebAppContext.doStart(WebAppContext.java:489)
	at org.eclipse.jetty.util.component.AbstractLifeCycle.start(AbstractLifeCycle.java:69)
	at org.eclipse.jetty.util.component.ContainerLifeCycle.start(ContainerLifeCycle.java:117)
	at org.eclipse.jetty.server.Server.start(Server.java:355)
	at org.eclipse.jetty.util.component.ContainerLifeCycle.doStart(ContainerLifeCycle.java:99)
	at org.eclipse.jetty.server.handler.AbstractHandler.doStart(AbstractHandler.java:60)
	at org.eclipse.jetty.server.Server.doStart(Server.java:324)
	at org.eclipse.jetty.util.component.AbstractLifeCycle.start(AbstractLifeCycle.java:69)
	at EmbeddedServer.startIfRequired(EmbeddedServer.java:36)
	at EmbeddedServer.main(EmbeddedServer.java:56)
2014-06-28 11:22:35 INFO  ServerConnector:265 - Started ServerConnector@4583e712{HTTP/1.1}{0.0.0.0:8090}
2014-06-28 11:22:35 WARN  AbstractLifeCycle:209 - FAILED org.eclipse.jetty.server.Server@236eb92a: java.lang.NoSuchMethodError: org.eclipse.jetty.util.Loader.getResource(Ljava/lang/Class;Ljava/lang/String;Z)Ljava/net/URL;
java.lang.NoSuchMethodError: org.eclipse.jetty.util.Loader.getResource(Ljava/lang/Class;Ljava/lang/String;Z)Ljava/net/URL;
	at org.eclipse.jetty.webapp.WebDescriptor.newParser(WebDescriptor.java:72)
	at org.eclipse.jetty.webapp.WebDescriptor.ensureParser(WebDescriptor.java:61)
	at org.eclipse.jetty.webapp.Descriptor.parse(Descriptor.java:59)
	at org.eclipse.jetty.webapp.WebDescriptor.parse(WebDescriptor.java:148)
	at org.eclipse.jetty.webapp.MetaData.setDefaults(MetaData.java:149)
	at org.eclipse.jetty.webapp.WebXmlConfiguration.preConfigure(WebXmlConfiguration.java:54)
	at org.eclipse.jetty.webapp.WebAppContext.preConfigure(WebAppContext.java:453)
	at org.eclipse.jetty.webapp.WebAppContext.doStart(WebAppContext.java:489)
	at org.eclipse.jetty.util.component.AbstractLifeCycle.start(AbstractLifeCycle.java:69)
	at org.eclipse.jetty.util.component.ContainerLifeCycle.start(ContainerLifeCycle.java:117)
	at org.eclipse.jetty.server.Server.start(Server.java:355)
	at org.eclipse.jetty.util.component.ContainerLifeCycle.doStart(ContainerLifeCycle.java:99)
	at org.eclipse.jetty.server.handler.AbstractHandler.doStart(AbstractHandler.java:60)
	at org.eclipse.jetty.server.Server.doStart(Server.java:324)
	at org.eclipse.jetty.util.component.AbstractLifeCycle.start(AbstractLifeCycle.java:69)
	at EmbeddedServer.startIfRequired(EmbeddedServer.java:36)
	at EmbeddedServer.main(EmbeddedServer.java:56)
2014-06-28 11:24:34 INFO  Server:300 - jetty-9.1.0.v20131115
2014-06-28 11:24:35 WARN  AbstractLifeCycle:209 - FAILED o.e.j.w.WebAppContext@39757c6f{/,file:/home/trim/git/SpringREST/sparkRest/src/main/webapp/,null}: java.lang.NoSuchMethodError: org.eclipse.jetty.util.Loader.getResource(Ljava/lang/Class;Ljava/lang/String;Z)Ljava/net/URL;
java.lang.NoSuchMethodError: org.eclipse.jetty.util.Loader.getResource(Ljava/lang/Class;Ljava/lang/String;Z)Ljava/net/URL;
	at org.eclipse.jetty.webapp.WebDescriptor.newParser(WebDescriptor.java:72)
	at org.eclipse.jetty.webapp.WebDescriptor.ensureParser(WebDescriptor.java:61)
	at org.eclipse.jetty.webapp.Descriptor.parse(Descriptor.java:59)
	at org.eclipse.jetty.webapp.WebDescriptor.parse(WebDescriptor.java:148)
	at org.eclipse.jetty.webapp.MetaData.setDefaults(MetaData.java:149)
	at org.eclipse.jetty.webapp.WebXmlConfiguration.preConfigure(WebXmlConfiguration.java:54)
	at org.eclipse.jetty.webapp.WebAppContext.preConfigure(WebAppContext.java:453)
	at org.eclipse.jetty.webapp.WebAppContext.doStart(WebAppContext.java:489)
	at org.eclipse.jetty.util.component.AbstractLifeCycle.start(AbstractLifeCycle.java:69)
	at org.eclipse.jetty.util.component.ContainerLifeCycle.start(ContainerLifeCycle.java:117)
	at org.eclipse.jetty.server.Server.start(Server.java:355)
	at org.eclipse.jetty.util.component.ContainerLifeCycle.doStart(ContainerLifeCycle.java:99)
	at org.eclipse.jetty.server.handler.AbstractHandler.doStart(AbstractHandler.java:60)
	at org.eclipse.jetty.server.Server.doStart(Server.java:324)
	at org.eclipse.jetty.util.component.AbstractLifeCycle.start(AbstractLifeCycle.java:69)
	at EmbeddedServer.startIfRequired(EmbeddedServer.java:37)
	at EmbeddedServer.main(EmbeddedServer.java:57)
2014-06-28 11:24:35 INFO  ServerConnector:265 - Started ServerConnector@2e73a403{HTTP/1.1}{0.0.0.0:8090}
2014-06-28 11:24:35 WARN  AbstractLifeCycle:209 - FAILED org.eclipse.jetty.server.Server@fb8a556: java.lang.NoSuchMethodError: org.eclipse.jetty.util.Loader.getResource(Ljava/lang/Class;Ljava/lang/String;Z)Ljava/net/URL;
java.lang.NoSuchMethodError: org.eclipse.jetty.util.Loader.getResource(Ljava/lang/Class;Ljava/lang/String;Z)Ljava/net/URL;
	at org.eclipse.jetty.webapp.WebDescriptor.newParser(WebDescriptor.java:72)
	at org.eclipse.jetty.webapp.WebDescriptor.ensureParser(WebDescriptor.java:61)
	at org.eclipse.jetty.webapp.Descriptor.parse(Descriptor.java:59)
	at org.eclipse.jetty.webapp.WebDescriptor.parse(WebDescriptor.java:148)
	at org.eclipse.jetty.webapp.MetaData.setDefaults(MetaData.java:149)
	at org.eclipse.jetty.webapp.WebXmlConfiguration.preConfigure(WebXmlConfiguration.java:54)
	at org.eclipse.jetty.webapp.WebAppContext.preConfigure(WebAppContext.java:453)
	at org.eclipse.jetty.webapp.WebAppContext.doStart(WebAppContext.java:489)
	at org.eclipse.jetty.util.component.AbstractLifeCycle.start(AbstractLifeCycle.java:69)
	at org.eclipse.jetty.util.component.ContainerLifeCycle.start(ContainerLifeCycle.java:117)
	at org.eclipse.jetty.server.Server.start(Server.java:355)
	at org.eclipse.jetty.util.component.ContainerLifeCycle.doStart(ContainerLifeCycle.java:99)
	at org.eclipse.jetty.server.handler.AbstractHandler.doStart(AbstractHandler.java:60)
	at org.eclipse.jetty.server.Server.doStart(Server.java:324)
	at org.eclipse.jetty.util.component.AbstractLifeCycle.start(AbstractLifeCycle.java:69)
	at EmbeddedServer.startIfRequired(EmbeddedServer.java:37)
	at EmbeddedServer.main(EmbeddedServer.java:57)
2014-06-28 11:25:03 INFO  Server:300 - jetty-9.1.0.v20131115
2014-06-28 11:36:50 INFO  Server:290 - jetty-9.0.2.v20130417
2014-06-28 11:36:50 INFO  StandardDescriptorProcessor:275 - NO JSP Support for /, did not find org.apache.jasper.servlet.JspServlet
2014-06-28 11:36:50 INFO  ContextHandler:728 - started o.e.j.w.WebAppContext@32f5c51c{/,file:/home/trim/git/SpringREST/sparkRest/src/main/webapp/,AVAILABLE}
2014-06-28 11:36:50 WARN  AbstractLifeCycle:209 - FAILED ServerConnector@25a885c3{HTTP/1.1}{0.0.0.0:8090}: java.net.BindException: Indirizzo già in uso
java.net.BindException: Indirizzo già in uso
	at sun.nio.ch.Net.bind0(Native Method)
	at sun.nio.ch.Net.bind(Net.java:444)
	at sun.nio.ch.Net.bind(Net.java:436)
	at sun.nio.ch.ServerSocketChannelImpl.bind(ServerSocketChannelImpl.java:214)
	at sun.nio.ch.ServerSocketAdaptor.bind(ServerSocketAdaptor.java:74)
	at org.eclipse.jetty.server.ServerConnector.open(ServerConnector.java:227)
	at org.eclipse.jetty.server.AbstractNetworkConnector.doStart(AbstractNetworkConnector.java:80)
	at org.eclipse.jetty.util.component.AbstractLifeCycle.start(AbstractLifeCycle.java:69)
	at org.eclipse.jetty.server.Server.doStart(Server.java:309)
	at org.eclipse.jetty.util.component.AbstractLifeCycle.start(AbstractLifeCycle.java:69)
	at EmbeddedServer.startIfRequired(EmbeddedServer.java:37)
	at EmbeddedServer.main(EmbeddedServer.java:57)
2014-06-28 11:36:50 WARN  AbstractLifeCycle:209 - FAILED org.eclipse.jetty.server.Server@7052fac2: java.net.BindException: Indirizzo già in uso
java.net.BindException: Indirizzo già in uso
	at sun.nio.ch.Net.bind0(Native Method)
	at sun.nio.ch.Net.bind(Net.java:444)
	at sun.nio.ch.Net.bind(Net.java:436)
	at sun.nio.ch.ServerSocketChannelImpl.bind(ServerSocketChannelImpl.java:214)
	at sun.nio.ch.ServerSocketAdaptor.bind(ServerSocketAdaptor.java:74)
	at org.eclipse.jetty.server.ServerConnector.open(ServerConnector.java:227)
	at org.eclipse.jetty.server.AbstractNetworkConnector.doStart(AbstractNetworkConnector.java:80)
	at org.eclipse.jetty.util.component.AbstractLifeCycle.start(AbstractLifeCycle.java:69)
	at org.eclipse.jetty.server.Server.doStart(Server.java:309)
	at org.eclipse.jetty.util.component.AbstractLifeCycle.start(AbstractLifeCycle.java:69)
	at EmbeddedServer.startIfRequired(EmbeddedServer.java:37)
	at EmbeddedServer.main(EmbeddedServer.java:57)
2014-06-28 11:37:08 INFO  Server:290 - jetty-9.0.2.v20130417
2014-06-28 11:37:08 INFO  StandardDescriptorProcessor:275 - NO JSP Support for /, did not find org.apache.jasper.servlet.JspServlet
2014-06-28 11:37:08 INFO  ContextHandler:728 - started o.e.j.w.WebAppContext@5ecfca71{/,file:/home/trim/git/SpringREST/sparkRest/src/main/webapp/,AVAILABLE}
2014-06-28 11:37:08 INFO  ServerConnector:265 - Started ServerConnector@79dea16c{HTTP/1.1}{0.0.0.0:9090}
2014-06-28 11:38:05 INFO  Server:290 - jetty-9.0.2.v20130417
2014-06-28 11:38:05 INFO  StandardDescriptorProcessor:275 - NO JSP Support for /, did not find org.apache.jasper.servlet.JspServlet
2014-06-28 11:38:05 INFO  ContextHandler:728 - started o.e.j.w.WebAppContext@5673102f{/,file:/home/trim/git/SpringREST/sparkRest/src/main/webapp/,AVAILABLE}
2014-06-28 11:38:05 INFO  ServerConnector:265 - Started ServerConnector@1a48563c{HTTP/1.1}{0.0.0.0:9090}
2014-06-28 11:38:32 INFO  Server:290 - jetty-9.0.2.v20130417
2014-06-28 11:38:37 INFO  StandardDescriptorProcessor:275 - NO JSP Support for /, did not find org.apache.jasper.servlet.JspServlet
2014-06-28 11:38:37 INFO  ContextHandler:728 - started o.e.j.w.WebAppContext@716b8f{/,file:/home/trim/git/SpringREST/sparkRest/src/main/webapp/,AVAILABLE}
2014-06-28 11:38:37 INFO  ServerConnector:265 - Started ServerConnector@592561dc{HTTP/1.1}{0.0.0.0:9090}
2014-06-28 11:39:25 INFO  Server:290 - jetty-9.0.2.v20130417
2014-06-28 11:39:25 INFO  StandardDescriptorProcessor:275 - NO JSP Support for /, did not find org.apache.jasper.servlet.JspServlet
2014-06-28 11:39:25 INFO  ContextHandler:728 - started o.e.j.w.WebAppContext@2c69d6be{/,file:/home/trim/git/SpringREST/sparkRest/src/main/webapp/,AVAILABLE}
2014-06-28 11:39:25 INFO  ServerConnector:265 - Started ServerConnector@6b783b2d{HTTP/1.1}{0.0.0.0:9090}
2014-06-28 11:39:53 INFO  Server:290 - jetty-9.0.2.v20130417
2014-06-28 11:39:54 INFO  StandardDescriptorProcessor:275 - NO JSP Support for /, did not find org.apache.jasper.servlet.JspServlet
2014-06-28 11:39:54 INFO  ContextHandler:728 - started o.e.j.w.WebAppContext@5673102f{/,file:/home/trim/git/SpringREST/sparkRest/src/main/webapp/,AVAILABLE}
2014-06-28 11:39:54 INFO  ServerConnector:265 - Started ServerConnector@3158a9f{HTTP/1.1}{0.0.0.0:9090}
2014-06-28 11:40:04 INFO  Server:290 - jetty-9.0.2.v20130417
2014-06-28 11:40:05 INFO  StandardDescriptorProcessor:275 - NO JSP Support for /, did not find org.apache.jasper.servlet.JspServlet
2014-06-28 11:40:05 INFO  ContextHandler:728 - started o.e.j.w.WebAppContext@5673102f{/,file:/home/trim/git/SpringREST/sparkRest/src/main/webapp/,AVAILABLE}
2014-06-28 11:40:05 INFO  ServerConnector:265 - Started ServerConnector@1a48563c{HTTP/1.1}{0.0.0.0:9090}
2014-06-28 12:13:55 INFO  Server:290 - jetty-9.0.2.v20130417
2014-06-28 12:13:55 INFO  StandardDescriptorProcessor:275 - NO JSP Support for /, did not find org.apache.jasper.servlet.JspServlet
2014-06-28 12:13:55 INFO  ContextHandler:728 - started o.e.j.w.WebAppContext@260a68c8{/,file:/home/trim/git/SpringREST/sparkRest/src/main/webapp/,AVAILABLE}
2014-06-28 12:13:55 INFO  ServerConnector:265 - Started ServerConnector@76a22b9c{HTTP/1.1}{0.0.0.0:9090}
2014-06-28 12:42:34 INFO  Server:290 - jetty-9.0.2.v20130417
2014-06-28 12:42:34 INFO  StandardDescriptorProcessor:275 - NO JSP Support for /, did not find org.apache.jasper.servlet.JspServlet
2014-06-28 12:42:34 INFO  ContextHandler:728 - started o.e.j.w.WebAppContext@2aca64df{/,file:/home/trim/git/SpringREST/sparkRest/src/main/webapp/,AVAILABLE}
2014-06-28 12:42:34 INFO  ServerConnector:265 - Started ServerConnector@240fd4c8{HTTP/1.1}{0.0.0.0:9090}
